Nothing to build in platform 'system_wrapper'

15:35:22 **** Incremental Build of configuration Debug for project CMV2000_ctrl ****
make all 
make --no-print-directory pre-build
a9-linaro-pre-build-step
' '
make --no-print-directory main-build
'Building file: ../src/main.c'
'Invoking: ARM v7 gcc compiler'
arm-none-eabi-gcc -Wall -O0 -g3 -c -fmessage-length=0 -MT"src/main.o" -mcpu=cortex-a9 -mfpu=vfpv3 -mfloat-abi=hard -ID:/Files/VivadoProjects/CMV2000_ctrl/vitis/system_wrapper/export/system_wrapper/sw/system_wrapper/standalone_ps7_cortexa9_0/bspinclude/include -MMD -MP -MF"src/main.d" -MT"src/main.o" -o "src/main.o" "../src/main.c"
'Finished building: ../src/main.c'
' '
'Building target: CMV2000_ctrl.elf'
'Invoking: ARM v7 gcc linker'
arm-none-eabi-gcc -mcpu=cortex-a9 -mfpu=vfpv3 -mfloat-abi=hard -Wl,-build-id=none -specs=Xilinx.spec -Wl,-T -Wl,../src/lscript.ld -LD:/Files/VivadoProjects/CMV2000_ctrl/vitis/system_wrapper/export/system_wrapper/sw/system_wrapper/standalone_ps7_cortexa9_0/bsplib/lib -o "CMV2000_ctrl.elf"  ./src/main.o   -Wl,--start-group,-lxil,-lgcc,-lc,--end-group
'Finished building target: CMV2000_ctrl.elf'
' '
'Invoking: ARM v7 Print Size'
arm-none-eabi-size CMV2000_ctrl.elf  |tee "CMV2000_ctrl.elf.size"
   text	   data	    bss	    dec	    hex	filename
  71243	   3396	  22872	  97511	  17ce7	CMV2000_ctrl.elf
'Finished building: CMV2000_ctrl.elf.size'
' '
15:35:24 **** Incremental Build of configuration Debug for project CMV2000_ctrl_system ****
make all 
Generating bif file for the system project
generate_system_bif.bat 2326 D:/Files/VivadoProjects/CMV2000_ctrl/vitis/system_wrapper/export/system_wrapper/system_wrapper.xpfm standalone_ps7_cortexa9_0 D:/Files/VivadoProjects/CMV2000_ctrl/vitis/CMV2000_ctrl_system/Debug/system.bif
sdcard_gen --xpfm D:/Files/VivadoProjects/CMV2000_ctrl/vitis/system_wrapper/export/system_wrapper/system_wrapper.xpfm --sys_config system_wrapper --bif D:/Files/VivadoProjects/CMV2000_ctrl/vitis/CMV2000_ctrl_system/Debug/system.bif --bitstream D:/Files/VivadoProjects/CMV2000_ctrl/vitis/CMV2000_ctrl/_ide/bitstream/system_wrapper.bit --elf D:/Files/VivadoProjects/CMV2000_ctrl/vitis/CMV2000_ctrl/Debug/CMV2000_ctrl.elf,ps7_cortexa9_0
creating BOOT.BIN using D:/Files/VivadoProjects/CMV2000_ctrl/vitis/CMV2000_ctrl/_ide/bitstream/system_wrapper.bit
Running D:/ProgramFiles/Xilinx/Vitis/2022.2/bin/bootgen  -image D:/Files/VivadoProjects/CMV2000_ctrl/vitis/CMV2000_ctrl_system/Debug/sd_card_temp/boot.bif -w -o i BOOT.BIN
