19:45:31 DEBUG : Logs will be stored at 'D:/Files/VivadoProjects/CMV2000_ctrl/vitis/IDE.log'.
19:45:35 INFO  : Launching XSCT server: xsct.bat -n  -interactive D:\Files\VivadoProjects\CMV2000_ctrl\vitis\temp_xsdb_launch_script.tcl
19:45:35 INFO  : Registering command handlers for Vitis TCF services
19:45:36 INFO  : Platform repository initialization has completed.
19:45:41 INFO  : XSCT server has started successfully.
19:45:42 INFO  : plnx-install-location is set to ''
19:45:42 INFO  : Successfully done setting XSCT server connection channel  
19:45:42 INFO  : Successfully done query RDI_DATADIR 
19:45:42 INFO  : Successfully done setting workspace for the tool. 
19:47:13 INFO  : Result from executing command 'getProjects': system_wrapper
19:47:13 INFO  : Result from executing command 'getPlatforms': xilinx_vck190_base_202220_1|D:/ProgramFiles/Xilinx/Vitis/2022.2/base_platforms/xilinx_vck190_base_202220_1/xilinx_vck190_base_202220_1.xpfm;xilinx_vck190_base_dfx_202220_1|D:/ProgramFiles/Xilinx/Vitis/2022.2/base_platforms/xilinx_vck190_base_dfx_202220_1/xilinx_vck190_base_dfx_202220_1.xpfm;xilinx_vmk180_base_202220_1|D:/ProgramFiles/Xilinx/Vitis/2022.2/base_platforms/xilinx_vmk180_base_202220_1/xilinx_vmk180_base_202220_1.xpfm;xilinx_zcu102_base_202220_1|D:/ProgramFiles/Xilinx/Vitis/2022.2/base_platforms/xilinx_zcu102_base_202220_1/xilinx_zcu102_base_202220_1.xpfm;xilinx_zcu102_base_dfx_202220_1|D:/ProgramFiles/Xilinx/Vitis/2022.2/base_platforms/xilinx_zcu102_base_dfx_202220_1/xilinx_zcu102_base_dfx_202220_1.xpfm;xilinx_zcu104_base_202220_1|D:/ProgramFiles/Xilinx/Vitis/2022.2/base_platforms/xilinx_zcu104_base_202220_1/xilinx_zcu104_base_202220_1.xpfm
19:47:13 WARN  : An unexpected exception occurred in the module 'platform project logging'
19:47:14 INFO  : Platform 'system_wrapper' is added to custom repositories.
19:47:22 INFO  : Platform 'system_wrapper' is added to custom repositories.
19:53:30 INFO  : Result from executing command 'getProjects': system_wrapper
19:53:30 INFO  : Result from executing command 'getPlatforms': system_wrapper|D:/Files/VivadoProjects/CMV2000_ctrl/vitis/system_wrapper/export/system_wrapper/system_wrapper.xpfm;xilinx_vck190_base_202220_1|D:/ProgramFiles/Xilinx/Vitis/2022.2/base_platforms/xilinx_vck190_base_202220_1/xilinx_vck190_base_202220_1.xpfm;xilinx_vck190_base_dfx_202220_1|D:/ProgramFiles/Xilinx/Vitis/2022.2/base_platforms/xilinx_vck190_base_dfx_202220_1/xilinx_vck190_base_dfx_202220_1.xpfm;xilinx_vmk180_base_202220_1|D:/ProgramFiles/Xilinx/Vitis/2022.2/base_platforms/xilinx_vmk180_base_202220_1/xilinx_vmk180_base_202220_1.xpfm;xilinx_zcu102_base_202220_1|D:/ProgramFiles/Xilinx/Vitis/2022.2/base_platforms/xilinx_zcu102_base_202220_1/xilinx_zcu102_base_202220_1.xpfm;xilinx_zcu102_base_dfx_202220_1|D:/ProgramFiles/Xilinx/Vitis/2022.2/base_platforms/xilinx_zcu102_base_dfx_202220_1/xilinx_zcu102_base_dfx_202220_1.xpfm;xilinx_zcu104_base_202220_1|D:/ProgramFiles/Xilinx/Vitis/2022.2/base_platforms/xilinx_zcu104_base_202220_1/xilinx_zcu104_base_202220_1.xpfm
19:53:30 INFO  : Checking for BSP changes to sync application flags for project 'CMV2000_ctrl'...
19:53:56 INFO  : Connected to target on host '127.0.0.1' and port '3121'.
19:53:57 INFO  : Jtag cable 'Digilent JTAG-SMT2 210251A08870' is selected.
19:53:57 INFO  : 'jtag frequency' command is executed.
19:53:57 INFO  : Context for 'APU' is selected.
19:53:57 INFO  : System reset is completed.
19:54:00 INFO  : 'after 3000' command is executed.
19:54:00 INFO  : 'targets -set -filter {jtag_cable_name =~ "Digilent JTAG-SMT2 210251A08870" && level==0 && jtag_device_ctx=="jsn-JTAG-SMT2-210251A08870-23727093-0"}' command is executed.
19:54:02 INFO  : Device configured successfully with "D:/Files/VivadoProjects/CMV2000_ctrl/vitis/CMV2000_ctrl/_ide/bitstream/system_wrapper.bit"
19:54:02 INFO  : Context for 'APU' is selected.
19:54:02 INFO  : Hardware design and registers information is loaded from 'D:/Files/VivadoProjects/CMV2000_ctrl/vitis/system_wrapper/export/system_wrapper/hw/system_wrapper.xsa'.
19:54:02 INFO  : 'configparams force-mem-access 1' command is executed.
19:54:02 INFO  : Context for 'APU' is selected.
19:54:02 INFO  : Sourcing of 'D:/Files/VivadoProjects/CMV2000_ctrl/vitis/CMV2000_ctrl/_ide/psinit/ps7_init.tcl' is done.
19:54:03 INFO  : 'ps7_init' command is executed.
19:54:03 INFO  : 'ps7_post_config' command is executed.
19:54:03 INFO  : Context for processor 'ps7_cortexa9_0' is selected.
19:54:03 INFO  : The application 'D:/Files/VivadoProjects/CMV2000_ctrl/vitis/CMV2000_ctrl/Debug/CMV2000_ctrl.elf' is downloaded to processor 'ps7_cortexa9_0'.
19:54:03 INFO  : 'configparams force-mem-access 0' command is executed.
19:54:03 INFO  : ----------------XSDB Script----------------
connect -url tcp:127.0.0.1:3121
targets -set -nocase -filter {name =~"APU*"}
rst -system
after 3000
targets -set -filter {jtag_cable_name =~ "Digilent JTAG-SMT2 210251A08870" && level==0 && jtag_device_ctx=="jsn-JTAG-SMT2-210251A08870-23727093-0"}
fpga -file D:/Files/VivadoProjects/CMV2000_ctrl/vitis/CMV2000_ctrl/_ide/bitstream/system_wrapper.bit
targets -set -nocase -filter {name =~"APU*"}
loadhw -hw D:/Files/VivadoProjects/CMV2000_ctrl/vitis/system_wrapper/export/system_wrapper/hw/system_wrapper.xsa -mem-ranges [list {0x40000000 0xbfffffff}] -regs
configparams force-mem-access 1
targets -set -nocase -filter {name =~"APU*"}
source D:/Files/VivadoProjects/CMV2000_ctrl/vitis/CMV2000_ctrl/_ide/psinit/ps7_init.tcl
ps7_init
ps7_post_config
targets -set -nocase -filter {name =~ "*A9*#0"}
dow D:/Files/VivadoProjects/CMV2000_ctrl/vitis/CMV2000_ctrl/Debug/CMV2000_ctrl.elf
configparams force-mem-access 0
----------------End of Script----------------

19:54:03 INFO  : Context for processor 'ps7_cortexa9_0' is selected.
19:54:03 INFO  : 'con' command is executed.
19:54:03 INFO  : ----------------XSDB Script (After Launch)----------------
targets -set -nocase -filter {name =~ "*A9*#0"}
con
----------------End of Script----------------

19:54:03 INFO  : Launch script is exported to file 'D:\Files\VivadoProjects\CMV2000_ctrl\vitis\CMV2000_ctrl_system\_ide\scripts\debugger_cmv2000_ctrl-default.tcl'
20:00:36 INFO  : Disconnected from the channel tcfchan#3.
20:00:37 INFO  : Connected to target on host '127.0.0.1' and port '3121'.
20:00:37 INFO  : Jtag cable 'Digilent JTAG-SMT2 210251A08870' is selected.
20:00:37 INFO  : 'jtag frequency' command is executed.
20:00:37 INFO  : Context for 'APU' is selected.
20:00:37 INFO  : System reset is completed.
20:00:40 INFO  : 'after 3000' command is executed.
20:00:40 INFO  : 'targets -set -filter {jtag_cable_name =~ "Digilent JTAG-SMT2 210251A08870" && level==0 && jtag_device_ctx=="jsn-JTAG-SMT2-210251A08870-23727093-0"}' command is executed.
20:00:42 INFO  : Device configured successfully with "D:/Files/VivadoProjects/CMV2000_ctrl/vitis/CMV2000_ctrl/_ide/bitstream/system_wrapper.bit"
20:00:42 INFO  : Context for 'APU' is selected.
20:00:42 INFO  : Hardware design and registers information is loaded from 'D:/Files/VivadoProjects/CMV2000_ctrl/vitis/system_wrapper/export/system_wrapper/hw/system_wrapper.xsa'.
20:00:42 INFO  : 'configparams force-mem-access 1' command is executed.
20:00:42 INFO  : Context for 'APU' is selected.
20:00:42 INFO  : Sourcing of 'D:/Files/VivadoProjects/CMV2000_ctrl/vitis/CMV2000_ctrl/_ide/psinit/ps7_init.tcl' is done.
20:00:43 INFO  : 'ps7_init' command is executed.
20:00:43 INFO  : 'ps7_post_config' command is executed.
20:00:43 INFO  : Context for processor 'ps7_cortexa9_0' is selected.
20:00:43 INFO  : The application 'D:/Files/VivadoProjects/CMV2000_ctrl/vitis/CMV2000_ctrl/Debug/CMV2000_ctrl.elf' is downloaded to processor 'ps7_cortexa9_0'.
20:00:43 INFO  : 'configparams force-mem-access 0' command is executed.
20:00:43 INFO  : ----------------XSDB Script----------------
connect -url tcp:127.0.0.1:3121
targets -set -nocase -filter {name =~"APU*"}
rst -system
after 3000
targets -set -filter {jtag_cable_name =~ "Digilent JTAG-SMT2 210251A08870" && level==0 && jtag_device_ctx=="jsn-JTAG-SMT2-210251A08870-23727093-0"}
fpga -file D:/Files/VivadoProjects/CMV2000_ctrl/vitis/CMV2000_ctrl/_ide/bitstream/system_wrapper.bit
targets -set -nocase -filter {name =~"APU*"}
loadhw -hw D:/Files/VivadoProjects/CMV2000_ctrl/vitis/system_wrapper/export/system_wrapper/hw/system_wrapper.xsa -mem-ranges [list {0x40000000 0xbfffffff}] -regs
configparams force-mem-access 1
targets -set -nocase -filter {name =~"APU*"}
source D:/Files/VivadoProjects/CMV2000_ctrl/vitis/CMV2000_ctrl/_ide/psinit/ps7_init.tcl
ps7_init
ps7_post_config
targets -set -nocase -filter {name =~ "*A9*#0"}
dow D:/Files/VivadoProjects/CMV2000_ctrl/vitis/CMV2000_ctrl/Debug/CMV2000_ctrl.elf
configparams force-mem-access 0
----------------End of Script----------------

20:00:43 INFO  : Context for processor 'ps7_cortexa9_0' is selected.
20:00:43 INFO  : 'con' command is executed.
20:00:43 INFO  : ----------------XSDB Script (After Launch)----------------
targets -set -nocase -filter {name =~ "*A9*#0"}
con
----------------End of Script----------------

20:00:43 INFO  : Launch script is exported to file 'D:\Files\VivadoProjects\CMV2000_ctrl\vitis\CMV2000_ctrl_system\_ide\scripts\debugger_cmv2000_ctrl-default.tcl'
20:01:02 INFO  : Checking for BSP changes to sync application flags for project 'CMV2000_ctrl'...
20:01:06 INFO  : Checking for BSP changes to sync application flags for project 'CMV2000_ctrl'...
20:01:24 INFO  : Disconnected from the channel tcfchan#4.
20:01:25 INFO  : Connected to target on host '127.0.0.1' and port '3121'.
20:01:25 INFO  : Jtag cable 'Digilent JTAG-SMT2 210251A08870' is selected.
20:01:25 INFO  : 'jtag frequency' command is executed.
20:01:25 INFO  : Context for 'APU' is selected.
20:01:25 INFO  : System reset is completed.
20:01:28 INFO  : 'after 3000' command is executed.
20:01:29 INFO  : 'targets -set -filter {jtag_cable_name =~ "Digilent JTAG-SMT2 210251A08870" && level==0 && jtag_device_ctx=="jsn-JTAG-SMT2-210251A08870-23727093-0"}' command is executed.
20:01:31 INFO  : Device configured successfully with "D:/Files/VivadoProjects/CMV2000_ctrl/vitis/CMV2000_ctrl/_ide/bitstream/system_wrapper.bit"
20:01:31 INFO  : Context for 'APU' is selected.
20:01:31 INFO  : Hardware design and registers information is loaded from 'D:/Files/VivadoProjects/CMV2000_ctrl/vitis/system_wrapper/export/system_wrapper/hw/system_wrapper.xsa'.
20:01:31 INFO  : 'configparams force-mem-access 1' command is executed.
20:01:31 INFO  : Context for 'APU' is selected.
20:01:31 INFO  : Sourcing of 'D:/Files/VivadoProjects/CMV2000_ctrl/vitis/CMV2000_ctrl/_ide/psinit/ps7_init.tcl' is done.
20:01:31 INFO  : 'ps7_init' command is executed.
20:01:31 INFO  : 'ps7_post_config' command is executed.
20:01:31 INFO  : Context for processor 'ps7_cortexa9_0' is selected.
20:01:31 INFO  : The application 'D:/Files/VivadoProjects/CMV2000_ctrl/vitis/CMV2000_ctrl/Debug/CMV2000_ctrl.elf' is downloaded to processor 'ps7_cortexa9_0'.
20:01:31 INFO  : 'configparams force-mem-access 0' command is executed.
20:01:31 INFO  : ----------------XSDB Script----------------
connect -url tcp:127.0.0.1:3121
targets -set -nocase -filter {name =~"APU*"}
rst -system
after 3000
targets -set -filter {jtag_cable_name =~ "Digilent JTAG-SMT2 210251A08870" && level==0 && jtag_device_ctx=="jsn-JTAG-SMT2-210251A08870-23727093-0"}
fpga -file D:/Files/VivadoProjects/CMV2000_ctrl/vitis/CMV2000_ctrl/_ide/bitstream/system_wrapper.bit
targets -set -nocase -filter {name =~"APU*"}
loadhw -hw D:/Files/VivadoProjects/CMV2000_ctrl/vitis/system_wrapper/export/system_wrapper/hw/system_wrapper.xsa -mem-ranges [list {0x40000000 0xbfffffff}] -regs
configparams force-mem-access 1
targets -set -nocase -filter {name =~"APU*"}
source D:/Files/VivadoProjects/CMV2000_ctrl/vitis/CMV2000_ctrl/_ide/psinit/ps7_init.tcl
ps7_init
ps7_post_config
targets -set -nocase -filter {name =~ "*A9*#0"}
dow D:/Files/VivadoProjects/CMV2000_ctrl/vitis/CMV2000_ctrl/Debug/CMV2000_ctrl.elf
configparams force-mem-access 0
----------------End of Script----------------

20:01:32 INFO  : Context for processor 'ps7_cortexa9_0' is selected.
20:01:32 INFO  : 'con' command is executed.
20:01:32 INFO  : ----------------XSDB Script (After Launch)----------------
targets -set -nocase -filter {name =~ "*A9*#0"}
con
----------------End of Script----------------

20:01:32 INFO  : Launch script is exported to file 'D:\Files\VivadoProjects\CMV2000_ctrl\vitis\CMV2000_ctrl_system\_ide\scripts\debugger_cmv2000_ctrl-default.tcl'
20:06:42 INFO  : Disconnected from the channel tcfchan#6.
03:01:03 DEBUG : Logs will be stored at 'D:/Files/VivadoProjects/CMV2000_ctrl/vitis/IDE.log'.
03:01:04 INFO  : Launching XSCT server: xsct.bat -n  -interactive D:\Files\VivadoProjects\CMV2000_ctrl\vitis\temp_xsdb_launch_script.tcl
03:01:06 INFO  : XSCT server has started successfully.
03:01:06 INFO  : Successfully done setting XSCT server connection channel  
03:01:06 INFO  : plnx-install-location is set to ''
03:01:06 INFO  : Successfully done setting workspace for the tool. 
03:01:07 INFO  : Registering command handlers for Vitis TCF services
03:01:07 INFO  : Successfully done query RDI_DATADIR 
03:01:07 INFO  : Platform repository initialization has completed.
03:02:49 INFO  : Checking for BSP changes to sync application flags for project 'CMV2000_ctrl'...
03:02:53 ERROR : (XSDB Server)ERROR: [Hsi 55-1571] The design file D:/Files/VivadoProjects/CMV2000_ctrl/vitis/system_wrapper/export/system_wrapper/hw/system_wrapper.xsa is already opened

09:11:05 DEBUG : Logs will be stored at 'D:/Files/VivadoProjects/CMV2000_ctrl/vitis/IDE.log'.
09:11:05 INFO  : Launching XSCT server: xsct.bat -n  -interactive D:\Files\VivadoProjects\CMV2000_ctrl\vitis\temp_xsdb_launch_script.tcl
09:11:07 INFO  : XSCT server has started successfully.
09:11:07 INFO  : plnx-install-location is set to ''
09:11:07 INFO  : Successfully done setting XSCT server connection channel  
09:11:07 INFO  : Successfully done setting workspace for the tool. 
09:11:08 INFO  : Registering command handlers for Vitis TCF services
09:11:09 INFO  : Successfully done query RDI_DATADIR 
09:11:09 INFO  : Platform repository initialization has completed.
09:11:21 INFO  : Checking for BSP changes to sync application flags for project 'CMV2000_ctrl'...
09:11:24 ERROR : (XSDB Server)ERROR: [Hsi 55-1571] The design file D:/Files/VivadoProjects/CMV2000_ctrl/vitis/system_wrapper/export/system_wrapper/hw/system_wrapper.xsa is already opened

09:12:54 INFO  : Checking for BSP changes to sync application flags for project 'CMV2000_ctrl'...
09:12:57 ERROR : (XSDB Server)ERROR: [Hsi 55-1571] The design file D:/Files/VivadoProjects/CMV2000_ctrl/vitis/system_wrapper/export/system_wrapper/hw/system_wrapper.xsa is already opened

09:13:19 INFO  : Connected to target on host '127.0.0.1' and port '3121'.
09:13:19 INFO  : Jtag cable 'Digilent JTAG-SMT2 210251A08870' is selected.
09:13:19 INFO  : 'jtag frequency' command is executed.
09:13:19 INFO  : Context for 'APU' is selected.
09:13:19 INFO  : System reset is completed.
09:13:22 INFO  : 'after 3000' command is executed.
09:13:23 INFO  : 'targets -set -filter {jtag_cable_name =~ "Digilent JTAG-SMT2 210251A08870" && level==0 && jtag_device_ctx=="jsn-JTAG-SMT2-210251A08870-23727093-0"}' command is executed.
09:13:25 INFO  : Device configured successfully with "D:/Files/VivadoProjects/CMV2000_ctrl/vitis/CMV2000_ctrl/_ide/bitstream/system_wrapper.bit"
09:13:25 INFO  : Context for 'APU' is selected.
09:13:25 INFO  : Hardware design and registers information is loaded from 'D:/Files/VivadoProjects/CMV2000_ctrl/vitis/system_wrapper/export/system_wrapper/hw/system_wrapper.xsa'.
09:13:25 INFO  : 'configparams force-mem-access 1' command is executed.
09:13:25 INFO  : Context for 'APU' is selected.
09:13:25 INFO  : Sourcing of 'D:/Files/VivadoProjects/CMV2000_ctrl/vitis/CMV2000_ctrl/_ide/psinit/ps7_init.tcl' is done.
09:13:25 INFO  : 'ps7_init' command is executed.
09:13:25 INFO  : 'ps7_post_config' command is executed.
09:13:25 INFO  : Context for processor 'ps7_cortexa9_0' is selected.
09:13:25 INFO  : The application 'D:/Files/VivadoProjects/CMV2000_ctrl/vitis/CMV2000_ctrl/Debug/CMV2000_ctrl.elf' is downloaded to processor 'ps7_cortexa9_0'.
09:13:25 INFO  : 'configparams force-mem-access 0' command is executed.
09:13:25 INFO  : ----------------XSDB Script----------------
connect -url tcp:127.0.0.1:3121
targets -set -nocase -filter {name =~"APU*"}
rst -system
after 3000
targets -set -filter {jtag_cable_name =~ "Digilent JTAG-SMT2 210251A08870" && level==0 && jtag_device_ctx=="jsn-JTAG-SMT2-210251A08870-23727093-0"}
fpga -file D:/Files/VivadoProjects/CMV2000_ctrl/vitis/CMV2000_ctrl/_ide/bitstream/system_wrapper.bit
targets -set -nocase -filter {name =~"APU*"}
loadhw -hw D:/Files/VivadoProjects/CMV2000_ctrl/vitis/system_wrapper/export/system_wrapper/hw/system_wrapper.xsa -mem-ranges [list {0x40000000 0xbfffffff}] -regs
configparams force-mem-access 1
targets -set -nocase -filter {name =~"APU*"}
source D:/Files/VivadoProjects/CMV2000_ctrl/vitis/CMV2000_ctrl/_ide/psinit/ps7_init.tcl
ps7_init
ps7_post_config
targets -set -nocase -filter {name =~ "*A9*#0"}
dow D:/Files/VivadoProjects/CMV2000_ctrl/vitis/CMV2000_ctrl/Debug/CMV2000_ctrl.elf
configparams force-mem-access 0
----------------End of Script----------------

09:13:26 INFO  : Context for processor 'ps7_cortexa9_0' is selected.
09:13:26 INFO  : 'con' command is executed.
09:13:26 INFO  : ----------------XSDB Script (After Launch)----------------
targets -set -nocase -filter {name =~ "*A9*#0"}
con
----------------End of Script----------------

09:13:26 INFO  : Launch script is exported to file 'D:\Files\VivadoProjects\CMV2000_ctrl\vitis\CMV2000_ctrl_system\_ide\scripts\systemdebugger_cmv2000_ctrl_system_standalone.tcl'
09:15:16 INFO  : Disconnected from the channel tcfchan#3.
09:15:17 INFO  : Connected to target on host '127.0.0.1' and port '3121'.
09:15:17 INFO  : Jtag cable 'Digilent JTAG-SMT2 210251A08870' is selected.
09:15:17 INFO  : 'jtag frequency' command is executed.
09:15:17 INFO  : Context for 'APU' is selected.
09:15:17 INFO  : System reset is completed.
09:15:20 INFO  : 'after 3000' command is executed.
09:15:20 INFO  : 'targets -set -filter {jtag_cable_name =~ "Digilent JTAG-SMT2 210251A08870" && level==0 && jtag_device_ctx=="jsn-JTAG-SMT2-210251A08870-23727093-0"}' command is executed.
09:15:22 INFO  : Device configured successfully with "D:/Files/VivadoProjects/CMV2000_ctrl/vitis/CMV2000_ctrl/_ide/bitstream/system_wrapper.bit"
09:15:22 INFO  : Context for 'APU' is selected.
09:15:23 INFO  : Hardware design and registers information is loaded from 'D:/Files/VivadoProjects/CMV2000_ctrl/vitis/system_wrapper/export/system_wrapper/hw/system_wrapper.xsa'.
09:15:23 INFO  : 'configparams force-mem-access 1' command is executed.
09:15:23 INFO  : Context for 'APU' is selected.
09:15:23 INFO  : Sourcing of 'D:/Files/VivadoProjects/CMV2000_ctrl/vitis/CMV2000_ctrl/_ide/psinit/ps7_init.tcl' is done.
09:15:24 INFO  : 'ps7_init' command is executed.
09:15:24 INFO  : 'ps7_post_config' command is executed.
09:15:24 INFO  : Context for processor 'ps7_cortexa9_0' is selected.
09:15:24 INFO  : The application 'D:/Files/VivadoProjects/CMV2000_ctrl/vitis/CMV2000_ctrl/Debug/CMV2000_ctrl.elf' is downloaded to processor 'ps7_cortexa9_0'.
09:15:24 INFO  : 'configparams force-mem-access 0' command is executed.
09:15:24 INFO  : ----------------XSDB Script----------------
connect -url tcp:127.0.0.1:3121
targets -set -nocase -filter {name =~"APU*"}
rst -system
after 3000
targets -set -filter {jtag_cable_name =~ "Digilent JTAG-SMT2 210251A08870" && level==0 && jtag_device_ctx=="jsn-JTAG-SMT2-210251A08870-23727093-0"}
fpga -file D:/Files/VivadoProjects/CMV2000_ctrl/vitis/CMV2000_ctrl/_ide/bitstream/system_wrapper.bit
targets -set -nocase -filter {name =~"APU*"}
loadhw -hw D:/Files/VivadoProjects/CMV2000_ctrl/vitis/system_wrapper/export/system_wrapper/hw/system_wrapper.xsa -mem-ranges [list {0x40000000 0xbfffffff}] -regs
configparams force-mem-access 1
targets -set -nocase -filter {name =~"APU*"}
source D:/Files/VivadoProjects/CMV2000_ctrl/vitis/CMV2000_ctrl/_ide/psinit/ps7_init.tcl
ps7_init
ps7_post_config
targets -set -nocase -filter {name =~ "*A9*#0"}
dow D:/Files/VivadoProjects/CMV2000_ctrl/vitis/CMV2000_ctrl/Debug/CMV2000_ctrl.elf
configparams force-mem-access 0
----------------End of Script----------------

09:15:24 INFO  : Context for processor 'ps7_cortexa9_0' is selected.
09:15:24 INFO  : 'con' command is executed.
09:15:24 INFO  : ----------------XSDB Script (After Launch)----------------
targets -set -nocase -filter {name =~ "*A9*#0"}
con
----------------End of Script----------------

09:15:24 INFO  : Launch script is exported to file 'D:\Files\VivadoProjects\CMV2000_ctrl\vitis\CMV2000_ctrl_system\_ide\scripts\debugger_cmv2000_ctrl-default.tcl'
09:16:29 INFO  : Checking for BSP changes to sync application flags for project 'CMV2000_ctrl'...
09:16:38 INFO  : Disconnected from the channel tcfchan#4.
09:16:40 INFO  : Connected to target on host '127.0.0.1' and port '3121'.
09:16:40 INFO  : Jtag cable 'Digilent JTAG-SMT2 210251A08870' is selected.
09:16:40 INFO  : 'jtag frequency' command is executed.
09:16:42 INFO  : Context for 'APU' is selected.
09:16:42 INFO  : System reset is completed.
09:16:45 INFO  : 'after 3000' command is executed.
09:16:45 INFO  : 'targets -set -filter {jtag_cable_name =~ "Digilent JTAG-SMT2 210251A08870" && level==0 && jtag_device_ctx=="jsn-JTAG-SMT2-210251A08870-23727093-0"}' command is executed.
09:16:47 INFO  : Device configured successfully with "D:/Files/VivadoProjects/CMV2000_ctrl/vitis/CMV2000_ctrl/_ide/bitstream/system_wrapper.bit"
09:16:47 INFO  : Context for 'APU' is selected.
09:16:48 INFO  : Hardware design and registers information is loaded from 'D:/Files/VivadoProjects/CMV2000_ctrl/vitis/system_wrapper/export/system_wrapper/hw/system_wrapper.xsa'.
09:16:48 INFO  : 'configparams force-mem-access 1' command is executed.
09:16:48 INFO  : Context for 'APU' is selected.
09:16:48 INFO  : Sourcing of 'D:/Files/VivadoProjects/CMV2000_ctrl/vitis/CMV2000_ctrl/_ide/psinit/ps7_init.tcl' is done.
09:16:49 INFO  : 'ps7_init' command is executed.
09:16:49 INFO  : 'ps7_post_config' command is executed.
09:16:49 INFO  : Context for processor 'ps7_cortexa9_0' is selected.
09:16:49 INFO  : The application 'D:/Files/VivadoProjects/CMV2000_ctrl/vitis/CMV2000_ctrl/Debug/CMV2000_ctrl.elf' is downloaded to processor 'ps7_cortexa9_0'.
09:16:49 INFO  : 'configparams force-mem-access 0' command is executed.
09:16:49 INFO  : ----------------XSDB Script----------------
connect -url tcp:127.0.0.1:3121
targets -set -nocase -filter {name =~"APU*"}
rst -system
after 3000
targets -set -filter {jtag_cable_name =~ "Digilent JTAG-SMT2 210251A08870" && level==0 && jtag_device_ctx=="jsn-JTAG-SMT2-210251A08870-23727093-0"}
fpga -file D:/Files/VivadoProjects/CMV2000_ctrl/vitis/CMV2000_ctrl/_ide/bitstream/system_wrapper.bit
targets -set -nocase -filter {name =~"APU*"}
loadhw -hw D:/Files/VivadoProjects/CMV2000_ctrl/vitis/system_wrapper/export/system_wrapper/hw/system_wrapper.xsa -mem-ranges [list {0x40000000 0xbfffffff}] -regs
configparams force-mem-access 1
targets -set -nocase -filter {name =~"APU*"}
source D:/Files/VivadoProjects/CMV2000_ctrl/vitis/CMV2000_ctrl/_ide/psinit/ps7_init.tcl
ps7_init
ps7_post_config
targets -set -nocase -filter {name =~ "*A9*#0"}
dow D:/Files/VivadoProjects/CMV2000_ctrl/vitis/CMV2000_ctrl/Debug/CMV2000_ctrl.elf
configparams force-mem-access 0
----------------End of Script----------------

09:16:49 INFO  : Context for processor 'ps7_cortexa9_0' is selected.
09:16:49 INFO  : 'con' command is executed.
09:16:49 INFO  : ----------------XSDB Script (After Launch)----------------
targets -set -nocase -filter {name =~ "*A9*#0"}
con
----------------End of Script----------------

09:16:49 INFO  : Launch script is exported to file 'D:\Files\VivadoProjects\CMV2000_ctrl\vitis\CMV2000_ctrl_system\_ide\scripts\debugger_cmv2000_ctrl-default.tcl'
09:22:29 INFO  : Checking for BSP changes to sync application flags for project 'CMV2000_ctrl'...
09:22:31 ERROR : (XSDB Server)ERROR: [Hsi 55-1571] The design file D:/Files/VivadoProjects/CMV2000_ctrl/vitis/system_wrapper/export/system_wrapper/hw/system_wrapper.xsa is already opened

09:22:44 INFO  : Disconnected from the channel tcfchan#5.
09:22:45 INFO  : Connected to target on host '127.0.0.1' and port '3121'.
09:22:45 INFO  : Jtag cable 'Digilent JTAG-SMT2 210251A08870' is selected.
09:22:45 INFO  : 'jtag frequency' command is executed.
09:22:45 INFO  : Context for 'APU' is selected.
09:22:45 INFO  : System reset is completed.
09:22:48 INFO  : 'after 3000' command is executed.
09:22:48 INFO  : 'targets -set -filter {jtag_cable_name =~ "Digilent JTAG-SMT2 210251A08870" && level==0 && jtag_device_ctx=="jsn-JTAG-SMT2-210251A08870-23727093-0"}' command is executed.
09:22:50 INFO  : Device configured successfully with "D:/Files/VivadoProjects/CMV2000_ctrl/vitis/CMV2000_ctrl/_ide/bitstream/system_wrapper.bit"
09:22:50 INFO  : Context for 'APU' is selected.
09:22:51 INFO  : Hardware design and registers information is loaded from 'D:/Files/VivadoProjects/CMV2000_ctrl/vitis/system_wrapper/export/system_wrapper/hw/system_wrapper.xsa'.
09:22:51 INFO  : 'configparams force-mem-access 1' command is executed.
09:22:51 INFO  : Context for 'APU' is selected.
09:22:51 INFO  : Sourcing of 'D:/Files/VivadoProjects/CMV2000_ctrl/vitis/CMV2000_ctrl/_ide/psinit/ps7_init.tcl' is done.
09:22:51 INFO  : 'ps7_init' command is executed.
09:22:51 INFO  : 'ps7_post_config' command is executed.
09:22:51 INFO  : Context for processor 'ps7_cortexa9_0' is selected.
09:22:52 INFO  : The application 'D:/Files/VivadoProjects/CMV2000_ctrl/vitis/CMV2000_ctrl/Debug/CMV2000_ctrl.elf' is downloaded to processor 'ps7_cortexa9_0'.
09:22:52 INFO  : 'configparams force-mem-access 0' command is executed.
09:22:52 INFO  : ----------------XSDB Script----------------
connect -url tcp:127.0.0.1:3121
targets -set -nocase -filter {name =~"APU*"}
rst -system
after 3000
targets -set -filter {jtag_cable_name =~ "Digilent JTAG-SMT2 210251A08870" && level==0 && jtag_device_ctx=="jsn-JTAG-SMT2-210251A08870-23727093-0"}
fpga -file D:/Files/VivadoProjects/CMV2000_ctrl/vitis/CMV2000_ctrl/_ide/bitstream/system_wrapper.bit
targets -set -nocase -filter {name =~"APU*"}
loadhw -hw D:/Files/VivadoProjects/CMV2000_ctrl/vitis/system_wrapper/export/system_wrapper/hw/system_wrapper.xsa -mem-ranges [list {0x40000000 0xbfffffff}] -regs
configparams force-mem-access 1
targets -set -nocase -filter {name =~"APU*"}
source D:/Files/VivadoProjects/CMV2000_ctrl/vitis/CMV2000_ctrl/_ide/psinit/ps7_init.tcl
ps7_init
ps7_post_config
targets -set -nocase -filter {name =~ "*A9*#0"}
dow D:/Files/VivadoProjects/CMV2000_ctrl/vitis/CMV2000_ctrl/Debug/CMV2000_ctrl.elf
configparams force-mem-access 0
----------------End of Script----------------

09:22:52 INFO  : Context for processor 'ps7_cortexa9_0' is selected.
09:22:52 INFO  : 'con' command is executed.
09:22:52 INFO  : ----------------XSDB Script (After Launch)----------------
targets -set -nocase -filter {name =~ "*A9*#0"}
con
----------------End of Script----------------

09:22:52 INFO  : Launch script is exported to file 'D:\Files\VivadoProjects\CMV2000_ctrl\vitis\CMV2000_ctrl_system\_ide\scripts\debugger_cmv2000_ctrl-default.tcl'
09:25:08 INFO  : Checking for BSP changes to sync application flags for project 'CMV2000_ctrl'...
09:25:10 ERROR : (XSDB Server)ERROR: [Hsi 55-1571] The design file D:/Files/VivadoProjects/CMV2000_ctrl/vitis/system_wrapper/export/system_wrapper/hw/system_wrapper.xsa is already opened

09:25:29 INFO  : Disconnected from the channel tcfchan#7.
09:25:30 INFO  : Connected to target on host '127.0.0.1' and port '3121'.
09:25:30 INFO  : Jtag cable 'Digilent JTAG-SMT2 210251A08870' is selected.
09:25:30 ERROR : port closed
09:25:30 INFO  : ----------------XSDB Script----------------
connect -url tcp:127.0.0.1:3121
----------------End of Script----------------

09:25:30 ERROR : port closed
09:25:59 INFO  : Connected to target on host '127.0.0.1' and port '3121'.
09:25:59 INFO  : Jtag cable 'Digilent JTAG-SMT2 210251A08870' is selected.
09:25:59 INFO  : 'jtag frequency' command is executed.
09:25:59 INFO  : Context for 'APU' is selected.
09:25:59 INFO  : System reset is completed.
09:26:02 INFO  : 'after 3000' command is executed.
09:26:02 INFO  : 'targets -set -filter {jtag_cable_name =~ "Digilent JTAG-SMT2 210251A08870" && level==0 && jtag_device_ctx=="jsn-JTAG-SMT2-210251A08870-23727093-0"}' command is executed.
09:26:05 INFO  : Device configured successfully with "D:/Files/VivadoProjects/CMV2000_ctrl/vitis/CMV2000_ctrl/_ide/bitstream/system_wrapper.bit"
09:26:05 INFO  : Context for 'APU' is selected.
09:26:06 INFO  : Hardware design and registers information is loaded from 'D:/Files/VivadoProjects/CMV2000_ctrl/vitis/system_wrapper/export/system_wrapper/hw/system_wrapper.xsa'.
09:26:06 INFO  : 'configparams force-mem-access 1' command is executed.
09:26:06 INFO  : Context for 'APU' is selected.
09:26:06 INFO  : Sourcing of 'D:/Files/VivadoProjects/CMV2000_ctrl/vitis/CMV2000_ctrl/_ide/psinit/ps7_init.tcl' is done.
09:26:06 INFO  : 'ps7_init' command is executed.
09:26:06 INFO  : 'ps7_post_config' command is executed.
09:26:06 INFO  : Context for processor 'ps7_cortexa9_0' is selected.
09:26:07 INFO  : The application 'D:/Files/VivadoProjects/CMV2000_ctrl/vitis/CMV2000_ctrl/Debug/CMV2000_ctrl.elf' is downloaded to processor 'ps7_cortexa9_0'.
09:26:07 INFO  : 'configparams force-mem-access 0' command is executed.
09:26:07 INFO  : ----------------XSDB Script----------------
connect -url tcp:127.0.0.1:3121
targets -set -nocase -filter {name =~"APU*"}
rst -system
after 3000
targets -set -filter {jtag_cable_name =~ "Digilent JTAG-SMT2 210251A08870" && level==0 && jtag_device_ctx=="jsn-JTAG-SMT2-210251A08870-23727093-0"}
fpga -file D:/Files/VivadoProjects/CMV2000_ctrl/vitis/CMV2000_ctrl/_ide/bitstream/system_wrapper.bit
targets -set -nocase -filter {name =~"APU*"}
loadhw -hw D:/Files/VivadoProjects/CMV2000_ctrl/vitis/system_wrapper/export/system_wrapper/hw/system_wrapper.xsa -mem-ranges [list {0x40000000 0xbfffffff}] -regs
configparams force-mem-access 1
targets -set -nocase -filter {name =~"APU*"}
source D:/Files/VivadoProjects/CMV2000_ctrl/vitis/CMV2000_ctrl/_ide/psinit/ps7_init.tcl
ps7_init
ps7_post_config
targets -set -nocase -filter {name =~ "*A9*#0"}
dow D:/Files/VivadoProjects/CMV2000_ctrl/vitis/CMV2000_ctrl/Debug/CMV2000_ctrl.elf
configparams force-mem-access 0
----------------End of Script----------------

09:26:07 INFO  : Context for processor 'ps7_cortexa9_0' is selected.
09:26:07 INFO  : 'con' command is executed.
09:26:07 INFO  : ----------------XSDB Script (After Launch)----------------
targets -set -nocase -filter {name =~ "*A9*#0"}
con
----------------End of Script----------------

09:26:07 INFO  : Launch script is exported to file 'D:\Files\VivadoProjects\CMV2000_ctrl\vitis\CMV2000_ctrl_system\_ide\scripts\debugger_cmv2000_ctrl-default.tcl'
09:35:30 INFO  : Disconnected from the channel tcfchan#9.
09:35:31 INFO  : Connected to target on host '127.0.0.1' and port '3121'.
09:35:31 INFO  : Jtag cable 'Digilent JTAG-SMT2 210251A08870' is selected.
09:35:31 INFO  : 'jtag frequency' command is executed.
09:35:33 INFO  : Context for 'APU' is selected.
09:35:33 INFO  : System reset is completed.
09:35:36 INFO  : 'after 3000' command is executed.
09:35:36 INFO  : 'targets -set -filter {jtag_cable_name =~ "Digilent JTAG-SMT2 210251A08870" && level==0 && jtag_device_ctx=="jsn-JTAG-SMT2-210251A08870-23727093-0"}' command is executed.
09:35:38 INFO  : Device configured successfully with "D:/Files/VivadoProjects/CMV2000_ctrl/vitis/CMV2000_ctrl/_ide/bitstream/system_wrapper.bit"
09:35:38 INFO  : Context for 'APU' is selected.
09:35:39 INFO  : Hardware design and registers information is loaded from 'D:/Files/VivadoProjects/CMV2000_ctrl/vitis/system_wrapper/export/system_wrapper/hw/system_wrapper.xsa'.
09:35:39 INFO  : 'configparams force-mem-access 1' command is executed.
09:35:39 INFO  : Context for 'APU' is selected.
09:35:39 INFO  : Sourcing of 'D:/Files/VivadoProjects/CMV2000_ctrl/vitis/CMV2000_ctrl/_ide/psinit/ps7_init.tcl' is done.
09:35:40 INFO  : 'ps7_init' command is executed.
09:35:40 INFO  : 'ps7_post_config' command is executed.
09:35:40 INFO  : Context for processor 'ps7_cortexa9_0' is selected.
09:35:40 INFO  : The application 'D:/Files/VivadoProjects/CMV2000_ctrl/vitis/CMV2000_ctrl/Debug/CMV2000_ctrl.elf' is downloaded to processor 'ps7_cortexa9_0'.
09:35:40 INFO  : 'configparams force-mem-access 0' command is executed.
09:35:40 INFO  : ----------------XSDB Script----------------
connect -url tcp:127.0.0.1:3121
targets -set -nocase -filter {name =~"APU*"}
rst -system
after 3000
targets -set -filter {jtag_cable_name =~ "Digilent JTAG-SMT2 210251A08870" && level==0 && jtag_device_ctx=="jsn-JTAG-SMT2-210251A08870-23727093-0"}
fpga -file D:/Files/VivadoProjects/CMV2000_ctrl/vitis/CMV2000_ctrl/_ide/bitstream/system_wrapper.bit
targets -set -nocase -filter {name =~"APU*"}
loadhw -hw D:/Files/VivadoProjects/CMV2000_ctrl/vitis/system_wrapper/export/system_wrapper/hw/system_wrapper.xsa -mem-ranges [list {0x40000000 0xbfffffff}] -regs
configparams force-mem-access 1
targets -set -nocase -filter {name =~"APU*"}
source D:/Files/VivadoProjects/CMV2000_ctrl/vitis/CMV2000_ctrl/_ide/psinit/ps7_init.tcl
ps7_init
ps7_post_config
targets -set -nocase -filter {name =~ "*A9*#0"}
dow D:/Files/VivadoProjects/CMV2000_ctrl/vitis/CMV2000_ctrl/Debug/CMV2000_ctrl.elf
configparams force-mem-access 0
----------------End of Script----------------

09:35:40 INFO  : Context for processor 'ps7_cortexa9_0' is selected.
09:35:40 INFO  : 'con' command is executed.
09:35:40 INFO  : ----------------XSDB Script (After Launch)----------------
targets -set -nocase -filter {name =~ "*A9*#0"}
con
----------------End of Script----------------

09:35:40 INFO  : Launch script is exported to file 'D:\Files\VivadoProjects\CMV2000_ctrl\vitis\CMV2000_ctrl_system\_ide\scripts\debugger_cmv2000_ctrl-default.tcl'
09:59:44 INFO  : Disconnected from the channel tcfchan#10.
09:59:45 INFO  : Connected to target on host '127.0.0.1' and port '3121'.
09:59:45 INFO  : Jtag cable 'Digilent JTAG-SMT2 210251A08870' is selected.
09:59:45 INFO  : 'jtag frequency' command is executed.
09:59:45 INFO  : Context for 'APU' is selected.
09:59:45 INFO  : System reset is completed.
09:59:48 INFO  : 'after 3000' command is executed.
09:59:48 INFO  : 'targets -set -filter {jtag_cable_name =~ "Digilent JTAG-SMT2 210251A08870" && level==0 && jtag_device_ctx=="jsn-JTAG-SMT2-210251A08870-23727093-0"}' command is executed.
09:59:50 INFO  : Device configured successfully with "D:/Files/VivadoProjects/CMV2000_ctrl/vitis/CMV2000_ctrl/_ide/bitstream/system_wrapper.bit"
09:59:50 INFO  : Context for 'APU' is selected.
09:59:52 INFO  : Hardware design and registers information is loaded from 'D:/Files/VivadoProjects/CMV2000_ctrl/vitis/system_wrapper/export/system_wrapper/hw/system_wrapper.xsa'.
09:59:52 INFO  : 'configparams force-mem-access 1' command is executed.
09:59:52 INFO  : Context for 'APU' is selected.
09:59:52 INFO  : Sourcing of 'D:/Files/VivadoProjects/CMV2000_ctrl/vitis/CMV2000_ctrl/_ide/psinit/ps7_init.tcl' is done.
09:59:52 INFO  : 'ps7_init' command is executed.
09:59:52 INFO  : 'ps7_post_config' command is executed.
09:59:52 INFO  : Context for processor 'ps7_cortexa9_0' is selected.
09:59:52 INFO  : The application 'D:/Files/VivadoProjects/CMV2000_ctrl/vitis/CMV2000_ctrl/Debug/CMV2000_ctrl.elf' is downloaded to processor 'ps7_cortexa9_0'.
09:59:52 INFO  : 'configparams force-mem-access 0' command is executed.
09:59:52 INFO  : ----------------XSDB Script----------------
connect -url tcp:127.0.0.1:3121
targets -set -nocase -filter {name =~"APU*"}
rst -system
after 3000
targets -set -filter {jtag_cable_name =~ "Digilent JTAG-SMT2 210251A08870" && level==0 && jtag_device_ctx=="jsn-JTAG-SMT2-210251A08870-23727093-0"}
fpga -file D:/Files/VivadoProjects/CMV2000_ctrl/vitis/CMV2000_ctrl/_ide/bitstream/system_wrapper.bit
targets -set -nocase -filter {name =~"APU*"}
loadhw -hw D:/Files/VivadoProjects/CMV2000_ctrl/vitis/system_wrapper/export/system_wrapper/hw/system_wrapper.xsa -mem-ranges [list {0x40000000 0xbfffffff}] -regs
configparams force-mem-access 1
targets -set -nocase -filter {name =~"APU*"}
source D:/Files/VivadoProjects/CMV2000_ctrl/vitis/CMV2000_ctrl/_ide/psinit/ps7_init.tcl
ps7_init
ps7_post_config
targets -set -nocase -filter {name =~ "*A9*#0"}
dow D:/Files/VivadoProjects/CMV2000_ctrl/vitis/CMV2000_ctrl/Debug/CMV2000_ctrl.elf
configparams force-mem-access 0
----------------End of Script----------------

09:59:52 INFO  : Context for processor 'ps7_cortexa9_0' is selected.
09:59:52 INFO  : 'con' command is executed.
09:59:52 INFO  : ----------------XSDB Script (After Launch)----------------
targets -set -nocase -filter {name =~ "*A9*#0"}
con
----------------End of Script----------------

09:59:52 INFO  : Launch script is exported to file 'D:\Files\VivadoProjects\CMV2000_ctrl\vitis\CMV2000_ctrl_system\_ide\scripts\debugger_cmv2000_ctrl-default.tcl'
10:02:08 INFO  : Disconnected from the channel tcfchan#11.
10:19:16 INFO  : Connected to target on host '127.0.0.1' and port '3121'.
10:19:16 INFO  : Jtag cable 'Digilent JTAG-SMT2 210251A08870' is selected.
10:19:16 INFO  : 'jtag frequency' command is executed.
10:19:16 INFO  : Context for 'APU' is selected.
10:19:16 INFO  : System reset is completed.
10:19:19 INFO  : 'after 3000' command is executed.
10:19:19 INFO  : 'targets -set -filter {jtag_cable_name =~ "Digilent JTAG-SMT2 210251A08870" && level==0 && jtag_device_ctx=="jsn-JTAG-SMT2-210251A08870-23727093-0"}' command is executed.
10:19:21 INFO  : Device configured successfully with "D:/Files/VivadoProjects/CMV2000_ctrl/vitis/CMV2000_ctrl/_ide/bitstream/system_wrapper.bit"
10:19:21 INFO  : Context for 'APU' is selected.
10:19:22 INFO  : Hardware design and registers information is loaded from 'D:/Files/VivadoProjects/CMV2000_ctrl/vitis/system_wrapper/export/system_wrapper/hw/system_wrapper.xsa'.
10:19:22 INFO  : 'configparams force-mem-access 1' command is executed.
10:19:22 INFO  : Context for 'APU' is selected.
10:19:22 INFO  : Sourcing of 'D:/Files/VivadoProjects/CMV2000_ctrl/vitis/CMV2000_ctrl/_ide/psinit/ps7_init.tcl' is done.
10:19:23 INFO  : 'ps7_init' command is executed.
10:19:23 INFO  : 'ps7_post_config' command is executed.
10:19:23 INFO  : Context for processor 'ps7_cortexa9_0' is selected.
10:19:23 INFO  : The application 'D:/Files/VivadoProjects/CMV2000_ctrl/vitis/CMV2000_ctrl/Debug/CMV2000_ctrl.elf' is downloaded to processor 'ps7_cortexa9_0'.
10:19:23 INFO  : 'configparams force-mem-access 0' command is executed.
10:19:23 INFO  : ----------------XSDB Script----------------
connect -url tcp:127.0.0.1:3121
targets -set -nocase -filter {name =~"APU*"}
rst -system
after 3000
targets -set -filter {jtag_cable_name =~ "Digilent JTAG-SMT2 210251A08870" && level==0 && jtag_device_ctx=="jsn-JTAG-SMT2-210251A08870-23727093-0"}
fpga -file D:/Files/VivadoProjects/CMV2000_ctrl/vitis/CMV2000_ctrl/_ide/bitstream/system_wrapper.bit
targets -set -nocase -filter {name =~"APU*"}
loadhw -hw D:/Files/VivadoProjects/CMV2000_ctrl/vitis/system_wrapper/export/system_wrapper/hw/system_wrapper.xsa -mem-ranges [list {0x40000000 0xbfffffff}] -regs
configparams force-mem-access 1
targets -set -nocase -filter {name =~"APU*"}
source D:/Files/VivadoProjects/CMV2000_ctrl/vitis/CMV2000_ctrl/_ide/psinit/ps7_init.tcl
ps7_init
ps7_post_config
targets -set -nocase -filter {name =~ "*A9*#0"}
dow D:/Files/VivadoProjects/CMV2000_ctrl/vitis/CMV2000_ctrl/Debug/CMV2000_ctrl.elf
configparams force-mem-access 0
----------------End of Script----------------

10:19:23 INFO  : Context for processor 'ps7_cortexa9_0' is selected.
10:19:23 INFO  : 'con' command is executed.
10:19:23 INFO  : ----------------XSDB Script (After Launch)----------------
targets -set -nocase -filter {name =~ "*A9*#0"}
con
----------------End of Script----------------

10:19:23 INFO  : Launch script is exported to file 'D:\Files\VivadoProjects\CMV2000_ctrl\vitis\CMV2000_ctrl_system\_ide\scripts\debugger_cmv2000_ctrl-default.tcl'
10:19:36 INFO  : Checking for BSP changes to sync application flags for project 'CMV2000_ctrl'...
10:19:38 ERROR : (XSDB Server)ERROR: [Hsi 55-1571] The design file D:/Files/VivadoProjects/CMV2000_ctrl/vitis/system_wrapper/export/system_wrapper/hw/system_wrapper.xsa is already opened

10:20:32 INFO  : Disconnected from the channel tcfchan#12.
10:20:33 INFO  : Connected to target on host '127.0.0.1' and port '3121'.
10:20:33 INFO  : Jtag cable 'Digilent JTAG-SMT2 210251A08870' is selected.
10:20:33 INFO  : 'jtag frequency' command is executed.
10:20:35 INFO  : Context for 'APU' is selected.
10:20:35 INFO  : System reset is completed.
10:20:38 INFO  : 'after 3000' command is executed.
10:20:38 INFO  : 'targets -set -filter {jtag_cable_name =~ "Digilent JTAG-SMT2 210251A08870" && level==0 && jtag_device_ctx=="jsn-JTAG-SMT2-210251A08870-23727093-0"}' command is executed.
10:20:40 INFO  : Device configured successfully with "D:/Files/VivadoProjects/CMV2000_ctrl/vitis/CMV2000_ctrl/_ide/bitstream/system_wrapper.bit"
10:20:40 INFO  : Context for 'APU' is selected.
10:20:41 INFO  : Hardware design and registers information is loaded from 'D:/Files/VivadoProjects/CMV2000_ctrl/vitis/system_wrapper/export/system_wrapper/hw/system_wrapper.xsa'.
10:20:41 INFO  : 'configparams force-mem-access 1' command is executed.
10:20:41 INFO  : Context for 'APU' is selected.
10:20:41 INFO  : Sourcing of 'D:/Files/VivadoProjects/CMV2000_ctrl/vitis/CMV2000_ctrl/_ide/psinit/ps7_init.tcl' is done.
10:20:42 INFO  : 'ps7_init' command is executed.
10:20:42 INFO  : 'ps7_post_config' command is executed.
10:20:42 INFO  : Context for processor 'ps7_cortexa9_0' is selected.
10:20:42 INFO  : The application 'D:/Files/VivadoProjects/CMV2000_ctrl/vitis/CMV2000_ctrl/Debug/CMV2000_ctrl.elf' is downloaded to processor 'ps7_cortexa9_0'.
10:20:42 INFO  : 'configparams force-mem-access 0' command is executed.
10:20:42 INFO  : ----------------XSDB Script----------------
connect -url tcp:127.0.0.1:3121
targets -set -nocase -filter {name =~"APU*"}
rst -system
after 3000
targets -set -filter {jtag_cable_name =~ "Digilent JTAG-SMT2 210251A08870" && level==0 && jtag_device_ctx=="jsn-JTAG-SMT2-210251A08870-23727093-0"}
fpga -file D:/Files/VivadoProjects/CMV2000_ctrl/vitis/CMV2000_ctrl/_ide/bitstream/system_wrapper.bit
targets -set -nocase -filter {name =~"APU*"}
loadhw -hw D:/Files/VivadoProjects/CMV2000_ctrl/vitis/system_wrapper/export/system_wrapper/hw/system_wrapper.xsa -mem-ranges [list {0x40000000 0xbfffffff}] -regs
configparams force-mem-access 1
targets -set -nocase -filter {name =~"APU*"}
source D:/Files/VivadoProjects/CMV2000_ctrl/vitis/CMV2000_ctrl/_ide/psinit/ps7_init.tcl
ps7_init
ps7_post_config
targets -set -nocase -filter {name =~ "*A9*#0"}
dow D:/Files/VivadoProjects/CMV2000_ctrl/vitis/CMV2000_ctrl/Debug/CMV2000_ctrl.elf
configparams force-mem-access 0
----------------End of Script----------------

10:20:42 INFO  : Context for processor 'ps7_cortexa9_0' is selected.
10:20:42 INFO  : 'con' command is executed.
10:20:42 INFO  : ----------------XSDB Script (After Launch)----------------
targets -set -nocase -filter {name =~ "*A9*#0"}
con
----------------End of Script----------------

10:20:42 INFO  : Launch script is exported to file 'D:\Files\VivadoProjects\CMV2000_ctrl\vitis\CMV2000_ctrl_system\_ide\scripts\debugger_cmv2000_ctrl-default.tcl'
10:48:27 INFO  : Checking for BSP changes to sync application flags for project 'CMV2000_ctrl'...
10:48:29 ERROR : (XSDB Server)ERROR: [Hsi 55-1571] The design file D:/Files/VivadoProjects/CMV2000_ctrl/vitis/system_wrapper/export/system_wrapper/hw/system_wrapper.xsa is already opened

11:05:01 INFO  : Checking for BSP changes to sync application flags for project 'CMV2000_ctrl'...
11:05:03 ERROR : (XSDB Server)ERROR: [Hsi 55-1571] The design file D:/Files/VivadoProjects/CMV2000_ctrl/vitis/system_wrapper/export/system_wrapper/hw/system_wrapper.xsa is already opened

11:09:12 INFO  : Disconnected from the channel tcfchan#14.
11:09:13 INFO  : Connected to target on host '127.0.0.1' and port '3121'.
11:09:14 INFO  : Jtag cable 'Digilent JTAG-SMT2 210251A08870' is selected.
11:09:14 INFO  : 'jtag frequency' command is executed.
11:09:14 INFO  : Context for 'APU' is selected.
11:09:14 INFO  : System reset is completed.
11:09:17 INFO  : 'after 3000' command is executed.
11:09:17 INFO  : 'targets -set -filter {jtag_cable_name =~ "Digilent JTAG-SMT2 210251A08870" && level==0 && jtag_device_ctx=="jsn-JTAG-SMT2-210251A08870-23727093-0"}' command is executed.
11:09:19 INFO  : Device configured successfully with "D:/Files/VivadoProjects/CMV2000_ctrl/vitis/CMV2000_ctrl/_ide/bitstream/system_wrapper.bit"
11:09:19 INFO  : Context for 'APU' is selected.
11:09:20 INFO  : Hardware design and registers information is loaded from 'D:/Files/VivadoProjects/CMV2000_ctrl/vitis/system_wrapper/export/system_wrapper/hw/system_wrapper.xsa'.
11:09:20 INFO  : 'configparams force-mem-access 1' command is executed.
11:09:20 INFO  : Context for 'APU' is selected.
11:09:20 INFO  : Sourcing of 'D:/Files/VivadoProjects/CMV2000_ctrl/vitis/CMV2000_ctrl/_ide/psinit/ps7_init.tcl' is done.
11:09:20 INFO  : 'ps7_init' command is executed.
11:09:20 INFO  : 'ps7_post_config' command is executed.
11:09:20 INFO  : Context for processor 'ps7_cortexa9_0' is selected.
11:09:21 INFO  : The application 'D:/Files/VivadoProjects/CMV2000_ctrl/vitis/CMV2000_ctrl/Debug/CMV2000_ctrl.elf' is downloaded to processor 'ps7_cortexa9_0'.
11:09:21 INFO  : 'configparams force-mem-access 0' command is executed.
11:09:21 INFO  : ----------------XSDB Script----------------
connect -url tcp:127.0.0.1:3121
targets -set -nocase -filter {name =~"APU*"}
rst -system
after 3000
targets -set -filter {jtag_cable_name =~ "Digilent JTAG-SMT2 210251A08870" && level==0 && jtag_device_ctx=="jsn-JTAG-SMT2-210251A08870-23727093-0"}
fpga -file D:/Files/VivadoProjects/CMV2000_ctrl/vitis/CMV2000_ctrl/_ide/bitstream/system_wrapper.bit
targets -set -nocase -filter {name =~"APU*"}
loadhw -hw D:/Files/VivadoProjects/CMV2000_ctrl/vitis/system_wrapper/export/system_wrapper/hw/system_wrapper.xsa -mem-ranges [list {0x40000000 0xbfffffff}] -regs
configparams force-mem-access 1
targets -set -nocase -filter {name =~"APU*"}
source D:/Files/VivadoProjects/CMV2000_ctrl/vitis/CMV2000_ctrl/_ide/psinit/ps7_init.tcl
ps7_init
ps7_post_config
targets -set -nocase -filter {name =~ "*A9*#0"}
dow D:/Files/VivadoProjects/CMV2000_ctrl/vitis/CMV2000_ctrl/Debug/CMV2000_ctrl.elf
configparams force-mem-access 0
----------------End of Script----------------

11:09:21 INFO  : Context for processor 'ps7_cortexa9_0' is selected.
11:09:21 INFO  : 'con' command is executed.
11:09:21 INFO  : ----------------XSDB Script (After Launch)----------------
targets -set -nocase -filter {name =~ "*A9*#0"}
con
----------------End of Script----------------

11:09:21 INFO  : Launch script is exported to file 'D:\Files\VivadoProjects\CMV2000_ctrl\vitis\CMV2000_ctrl_system\_ide\scripts\debugger_cmv2000_ctrl-default.tcl'
11:39:15 INFO  : Checking for BSP changes to sync application flags for project 'CMV2000_ctrl'...
11:39:17 ERROR : (XSDB Server)ERROR: [Hsi 55-1571] The design file D:/Files/VivadoProjects/CMV2000_ctrl/vitis/system_wrapper/export/system_wrapper/hw/system_wrapper.xsa is already opened

11:40:09 INFO  : Disconnected from the channel tcfchan#17.
11:40:10 INFO  : Connected to target on host '127.0.0.1' and port '3121'.
11:40:10 INFO  : Jtag cable 'Digilent JTAG-SMT2 210251A08870' is selected.
11:40:10 INFO  : 'jtag frequency' command is executed.
11:40:10 INFO  : Context for 'APU' is selected.
11:40:10 INFO  : System reset is completed.
11:40:13 INFO  : 'after 3000' command is executed.
11:40:13 INFO  : 'targets -set -filter {jtag_cable_name =~ "Digilent JTAG-SMT2 210251A08870" && level==0 && jtag_device_ctx=="jsn-JTAG-SMT2-210251A08870-23727093-0"}' command is executed.
11:40:15 INFO  : Device configured successfully with "D:/Files/VivadoProjects/CMV2000_ctrl/vitis/CMV2000_ctrl/_ide/bitstream/system_wrapper.bit"
11:40:15 INFO  : Context for 'APU' is selected.
11:40:17 INFO  : Hardware design and registers information is loaded from 'D:/Files/VivadoProjects/CMV2000_ctrl/vitis/system_wrapper/export/system_wrapper/hw/system_wrapper.xsa'.
11:40:17 INFO  : 'configparams force-mem-access 1' command is executed.
11:40:17 INFO  : Context for 'APU' is selected.
11:40:17 INFO  : Sourcing of 'D:/Files/VivadoProjects/CMV2000_ctrl/vitis/CMV2000_ctrl/_ide/psinit/ps7_init.tcl' is done.
11:40:17 INFO  : 'ps7_init' command is executed.
11:40:17 INFO  : 'ps7_post_config' command is executed.
11:40:17 INFO  : Context for processor 'ps7_cortexa9_0' is selected.
11:40:17 INFO  : The application 'D:/Files/VivadoProjects/CMV2000_ctrl/vitis/CMV2000_ctrl/Debug/CMV2000_ctrl.elf' is downloaded to processor 'ps7_cortexa9_0'.
11:40:17 INFO  : 'configparams force-mem-access 0' command is executed.
11:40:17 INFO  : ----------------XSDB Script----------------
connect -url tcp:127.0.0.1:3121
targets -set -nocase -filter {name =~"APU*"}
rst -system
after 3000
targets -set -filter {jtag_cable_name =~ "Digilent JTAG-SMT2 210251A08870" && level==0 && jtag_device_ctx=="jsn-JTAG-SMT2-210251A08870-23727093-0"}
fpga -file D:/Files/VivadoProjects/CMV2000_ctrl/vitis/CMV2000_ctrl/_ide/bitstream/system_wrapper.bit
targets -set -nocase -filter {name =~"APU*"}
loadhw -hw D:/Files/VivadoProjects/CMV2000_ctrl/vitis/system_wrapper/export/system_wrapper/hw/system_wrapper.xsa -mem-ranges [list {0x40000000 0xbfffffff}] -regs
configparams force-mem-access 1
targets -set -nocase -filter {name =~"APU*"}
source D:/Files/VivadoProjects/CMV2000_ctrl/vitis/CMV2000_ctrl/_ide/psinit/ps7_init.tcl
ps7_init
ps7_post_config
targets -set -nocase -filter {name =~ "*A9*#0"}
dow D:/Files/VivadoProjects/CMV2000_ctrl/vitis/CMV2000_ctrl/Debug/CMV2000_ctrl.elf
configparams force-mem-access 0
----------------End of Script----------------

11:40:17 INFO  : Context for processor 'ps7_cortexa9_0' is selected.
11:40:17 INFO  : 'con' command is executed.
11:40:17 INFO  : ----------------XSDB Script (After Launch)----------------
targets -set -nocase -filter {name =~ "*A9*#0"}
con
----------------End of Script----------------

11:40:17 INFO  : Launch script is exported to file 'D:\Files\VivadoProjects\CMV2000_ctrl\vitis\CMV2000_ctrl_system\_ide\scripts\debugger_cmv2000_ctrl-default.tcl'
11:52:14 INFO  : Disconnected from the channel tcfchan#19.
11:52:15 INFO  : Connected to target on host '127.0.0.1' and port '3121'.
11:52:15 INFO  : Jtag cable 'Digilent JTAG-SMT2 210251A08870' is selected.
11:52:15 INFO  : 'jtag frequency' command is executed.
11:52:17 INFO  : Context for 'APU' is selected.
11:52:17 INFO  : System reset is completed.
11:52:20 INFO  : 'after 3000' command is executed.
11:52:20 INFO  : 'targets -set -filter {jtag_cable_name =~ "Digilent JTAG-SMT2 210251A08870" && level==0 && jtag_device_ctx=="jsn-JTAG-SMT2-210251A08870-23727093-0"}' command is executed.
11:52:23 INFO  : Device configured successfully with "D:/Files/VivadoProjects/CMV2000_ctrl/vitis/CMV2000_ctrl/_ide/bitstream/system_wrapper.bit"
11:52:23 INFO  : Context for 'APU' is selected.
11:52:24 INFO  : Hardware design and registers information is loaded from 'D:/Files/VivadoProjects/CMV2000_ctrl/vitis/system_wrapper/export/system_wrapper/hw/system_wrapper.xsa'.
11:52:24 INFO  : 'configparams force-mem-access 1' command is executed.
11:52:24 INFO  : Context for 'APU' is selected.
11:52:24 INFO  : Sourcing of 'D:/Files/VivadoProjects/CMV2000_ctrl/vitis/CMV2000_ctrl/_ide/psinit/ps7_init.tcl' is done.
11:52:24 INFO  : 'ps7_init' command is executed.
11:52:24 INFO  : 'ps7_post_config' command is executed.
11:52:24 INFO  : Context for processor 'ps7_cortexa9_0' is selected.
11:52:24 INFO  : The application 'D:/Files/VivadoProjects/CMV2000_ctrl/vitis/CMV2000_ctrl/Debug/CMV2000_ctrl.elf' is downloaded to processor 'ps7_cortexa9_0'.
11:52:24 INFO  : 'configparams force-mem-access 0' command is executed.
11:52:24 INFO  : ----------------XSDB Script----------------
connect -url tcp:127.0.0.1:3121
targets -set -nocase -filter {name =~"APU*"}
rst -system
after 3000
targets -set -filter {jtag_cable_name =~ "Digilent JTAG-SMT2 210251A08870" && level==0 && jtag_device_ctx=="jsn-JTAG-SMT2-210251A08870-23727093-0"}
fpga -file D:/Files/VivadoProjects/CMV2000_ctrl/vitis/CMV2000_ctrl/_ide/bitstream/system_wrapper.bit
targets -set -nocase -filter {name =~"APU*"}
loadhw -hw D:/Files/VivadoProjects/CMV2000_ctrl/vitis/system_wrapper/export/system_wrapper/hw/system_wrapper.xsa -mem-ranges [list {0x40000000 0xbfffffff}] -regs
configparams force-mem-access 1
targets -set -nocase -filter {name =~"APU*"}
source D:/Files/VivadoProjects/CMV2000_ctrl/vitis/CMV2000_ctrl/_ide/psinit/ps7_init.tcl
ps7_init
ps7_post_config
targets -set -nocase -filter {name =~ "*A9*#0"}
dow D:/Files/VivadoProjects/CMV2000_ctrl/vitis/CMV2000_ctrl/Debug/CMV2000_ctrl.elf
configparams force-mem-access 0
----------------End of Script----------------

11:52:24 INFO  : Context for processor 'ps7_cortexa9_0' is selected.
11:52:24 INFO  : 'con' command is executed.
11:52:24 INFO  : ----------------XSDB Script (After Launch)----------------
targets -set -nocase -filter {name =~ "*A9*#0"}
con
----------------End of Script----------------

11:52:24 INFO  : Launch script is exported to file 'D:\Files\VivadoProjects\CMV2000_ctrl\vitis\CMV2000_ctrl_system\_ide\scripts\debugger_cmv2000_ctrl-default.tcl'
14:26:45 INFO  : Checking for BSP changes to sync application flags for project 'CMV2000_ctrl'...
14:26:47 ERROR : (XSDB Server)ERROR: [Hsi 55-1571] The design file D:/Files/VivadoProjects/CMV2000_ctrl/vitis/system_wrapper/export/system_wrapper/hw/system_wrapper.xsa is already opened

14:30:26 INFO  : Disconnected from the channel tcfchan#20.
14:30:27 INFO  : Connected to target on host '127.0.0.1' and port '3121'.
14:30:27 INFO  : Jtag cable 'Digilent JTAG-SMT2 210251A08870' is selected.
14:30:27 INFO  : 'jtag frequency' command is executed.
14:30:27 INFO  : Context for 'APU' is selected.
14:30:27 INFO  : System reset is completed.
14:30:30 INFO  : 'after 3000' command is executed.
14:30:30 INFO  : 'targets -set -filter {jtag_cable_name =~ "Digilent JTAG-SMT2 210251A08870" && level==0 && jtag_device_ctx=="jsn-JTAG-SMT2-210251A08870-23727093-0"}' command is executed.
14:30:32 INFO  : Device configured successfully with "D:/Files/VivadoProjects/CMV2000_ctrl/vitis/CMV2000_ctrl/_ide/bitstream/system_wrapper.bit"
14:30:32 INFO  : Context for 'APU' is selected.
14:30:33 INFO  : Hardware design and registers information is loaded from 'D:/Files/VivadoProjects/CMV2000_ctrl/vitis/system_wrapper/export/system_wrapper/hw/system_wrapper.xsa'.
14:30:33 INFO  : 'configparams force-mem-access 1' command is executed.
14:30:33 INFO  : Context for 'APU' is selected.
14:30:33 INFO  : Sourcing of 'D:/Files/VivadoProjects/CMV2000_ctrl/vitis/CMV2000_ctrl/_ide/psinit/ps7_init.tcl' is done.
14:30:33 INFO  : 'ps7_init' command is executed.
14:30:33 INFO  : 'ps7_post_config' command is executed.
14:30:33 INFO  : Context for processor 'ps7_cortexa9_0' is selected.
14:30:34 INFO  : The application 'D:/Files/VivadoProjects/CMV2000_ctrl/vitis/CMV2000_ctrl/Debug/CMV2000_ctrl.elf' is downloaded to processor 'ps7_cortexa9_0'.
14:30:34 INFO  : 'configparams force-mem-access 0' command is executed.
14:30:34 INFO  : ----------------XSDB Script----------------
connect -url tcp:127.0.0.1:3121
targets -set -nocase -filter {name =~"APU*"}
rst -system
after 3000
targets -set -filter {jtag_cable_name =~ "Digilent JTAG-SMT2 210251A08870" && level==0 && jtag_device_ctx=="jsn-JTAG-SMT2-210251A08870-23727093-0"}
fpga -file D:/Files/VivadoProjects/CMV2000_ctrl/vitis/CMV2000_ctrl/_ide/bitstream/system_wrapper.bit
targets -set -nocase -filter {name =~"APU*"}
loadhw -hw D:/Files/VivadoProjects/CMV2000_ctrl/vitis/system_wrapper/export/system_wrapper/hw/system_wrapper.xsa -mem-ranges [list {0x40000000 0xbfffffff}] -regs
configparams force-mem-access 1
targets -set -nocase -filter {name =~"APU*"}
source D:/Files/VivadoProjects/CMV2000_ctrl/vitis/CMV2000_ctrl/_ide/psinit/ps7_init.tcl
ps7_init
ps7_post_config
targets -set -nocase -filter {name =~ "*A9*#0"}
dow D:/Files/VivadoProjects/CMV2000_ctrl/vitis/CMV2000_ctrl/Debug/CMV2000_ctrl.elf
configparams force-mem-access 0
----------------End of Script----------------

14:30:34 INFO  : Context for processor 'ps7_cortexa9_0' is selected.
14:30:34 INFO  : 'con' command is executed.
14:30:34 INFO  : ----------------XSDB Script (After Launch)----------------
targets -set -nocase -filter {name =~ "*A9*#0"}
con
----------------End of Script----------------

14:30:34 INFO  : Launch script is exported to file 'D:\Files\VivadoProjects\CMV2000_ctrl\vitis\CMV2000_ctrl_system\_ide\scripts\debugger_cmv2000_ctrl-default.tcl'
15:31:14 INFO  : Disconnected from the channel tcfchan#22.
15:31:15 INFO  : Connected to target on host '127.0.0.1' and port '3121'.
15:31:15 INFO  : Jtag cable 'Digilent JTAG-SMT2 210251A08870' is selected.
15:31:15 ERROR : port closed
15:31:15 INFO  : ----------------XSDB Script----------------
connect -url tcp:127.0.0.1:3121
----------------End of Script----------------

15:31:15 ERROR : port closed
15:31:52 INFO  : Connected to target on host '127.0.0.1' and port '3121'.
15:31:52 INFO  : Jtag cable 'Digilent JTAG-SMT2 210251A08870' is selected.
15:31:52 INFO  : 'jtag frequency' command is executed.
15:31:52 INFO  : Context for 'APU' is selected.
15:31:52 INFO  : System reset is completed.
15:31:55 INFO  : 'after 3000' command is executed.
15:31:55 INFO  : 'targets -set -filter {jtag_cable_name =~ "Digilent JTAG-SMT2 210251A08870" && level==0 && jtag_device_ctx=="jsn-JTAG-SMT2-210251A08870-23727093-0"}' command is executed.
15:31:57 INFO  : Device configured successfully with "D:/Files/VivadoProjects/CMV2000_ctrl/vitis/CMV2000_ctrl/_ide/bitstream/system_wrapper.bit"
15:31:57 INFO  : Context for 'APU' is selected.
15:31:59 INFO  : Hardware design and registers information is loaded from 'D:/Files/VivadoProjects/CMV2000_ctrl/vitis/system_wrapper/export/system_wrapper/hw/system_wrapper.xsa'.
15:31:59 INFO  : 'configparams force-mem-access 1' command is executed.
15:31:59 INFO  : Context for 'APU' is selected.
15:31:59 INFO  : Sourcing of 'D:/Files/VivadoProjects/CMV2000_ctrl/vitis/CMV2000_ctrl/_ide/psinit/ps7_init.tcl' is done.
15:31:59 INFO  : 'ps7_init' command is executed.
15:31:59 INFO  : 'ps7_post_config' command is executed.
15:31:59 INFO  : Context for processor 'ps7_cortexa9_0' is selected.
15:32:00 INFO  : The application 'D:/Files/VivadoProjects/CMV2000_ctrl/vitis/CMV2000_ctrl/Debug/CMV2000_ctrl.elf' is downloaded to processor 'ps7_cortexa9_0'.
15:32:00 INFO  : 'configparams force-mem-access 0' command is executed.
15:32:00 INFO  : ----------------XSDB Script----------------
connect -url tcp:127.0.0.1:3121
targets -set -nocase -filter {name =~"APU*"}
rst -system
after 3000
targets -set -filter {jtag_cable_name =~ "Digilent JTAG-SMT2 210251A08870" && level==0 && jtag_device_ctx=="jsn-JTAG-SMT2-210251A08870-23727093-0"}
fpga -file D:/Files/VivadoProjects/CMV2000_ctrl/vitis/CMV2000_ctrl/_ide/bitstream/system_wrapper.bit
targets -set -nocase -filter {name =~"APU*"}
loadhw -hw D:/Files/VivadoProjects/CMV2000_ctrl/vitis/system_wrapper/export/system_wrapper/hw/system_wrapper.xsa -mem-ranges [list {0x40000000 0xbfffffff}] -regs
configparams force-mem-access 1
targets -set -nocase -filter {name =~"APU*"}
source D:/Files/VivadoProjects/CMV2000_ctrl/vitis/CMV2000_ctrl/_ide/psinit/ps7_init.tcl
ps7_init
ps7_post_config
targets -set -nocase -filter {name =~ "*A9*#0"}
dow D:/Files/VivadoProjects/CMV2000_ctrl/vitis/CMV2000_ctrl/Debug/CMV2000_ctrl.elf
configparams force-mem-access 0
----------------End of Script----------------

15:32:00 INFO  : Context for processor 'ps7_cortexa9_0' is selected.
15:32:00 INFO  : 'con' command is executed.
15:32:00 INFO  : ----------------XSDB Script (After Launch)----------------
targets -set -nocase -filter {name =~ "*A9*#0"}
con
----------------End of Script----------------

15:32:00 INFO  : Launch script is exported to file 'D:\Files\VivadoProjects\CMV2000_ctrl\vitis\CMV2000_ctrl_system\_ide\scripts\debugger_cmv2000_ctrl-default.tcl'
16:31:26 INFO  : Disconnected from the channel tcfchan#23.
14:33:56 DEBUG : Logs will be stored at 'D:/Files/VivadoProjects/CMV2000_ctrl/vitis/IDE.log'.
14:33:56 INFO  : Launching XSCT server: xsct.bat -n  -interactive D:\Files\VivadoProjects\CMV2000_ctrl\vitis\temp_xsdb_launch_script.tcl
14:33:58 INFO  : Platform repository initialization has completed.
14:33:59 INFO  : Registering command handlers for Vitis TCF services
14:34:02 INFO  : XSCT server has started successfully.
14:34:02 INFO  : plnx-install-location is set to ''
14:34:02 INFO  : Successfully done setting XSCT server connection channel  
14:34:02 INFO  : Successfully done query RDI_DATADIR 
14:34:02 INFO  : Successfully done setting workspace for the tool. 
14:36:21 INFO  : Example project xuartps_intr_example_1 has been created successfully.
17:28:35 DEBUG : Logs will be stored at 'D:/Files/VivadoProjects/CMV2000_ctrl/vitis/IDE.log'.
17:28:35 INFO  : Launching XSCT server: xsct.bat -n  -interactive D:\Files\VivadoProjects\CMV2000_ctrl\vitis\temp_xsdb_launch_script.tcl
17:28:37 INFO  : XSCT server has started successfully.
17:28:37 INFO  : plnx-install-location is set to ''
17:28:37 INFO  : Successfully done setting XSCT server connection channel  
17:28:37 INFO  : Successfully done setting workspace for the tool. 
17:28:38 INFO  : Registering command handlers for Vitis TCF services
17:28:39 INFO  : Successfully done query RDI_DATADIR 
17:28:39 INFO  : Platform repository initialization has completed.
17:31:08 INFO  : Result from executing command 'getProjects': system_wrapper
17:31:08 INFO  : Result from executing command 'getPlatforms': system_wrapper|D:/Files/VivadoProjects/CMV2000_ctrl/vitis/system_wrapper/export/system_wrapper/system_wrapper.xpfm;xilinx_vck190_base_202220_1|D:/ProgramFiles/Xilinx/Vitis/2022.2/base_platforms/xilinx_vck190_base_202220_1/xilinx_vck190_base_202220_1.xpfm;xilinx_vck190_base_dfx_202220_1|D:/ProgramFiles/Xilinx/Vitis/2022.2/base_platforms/xilinx_vck190_base_dfx_202220_1/xilinx_vck190_base_dfx_202220_1.xpfm;xilinx_vmk180_base_202220_1|D:/ProgramFiles/Xilinx/Vitis/2022.2/base_platforms/xilinx_vmk180_base_202220_1/xilinx_vmk180_base_202220_1.xpfm;xilinx_zcu102_base_202220_1|D:/ProgramFiles/Xilinx/Vitis/2022.2/base_platforms/xilinx_zcu102_base_202220_1/xilinx_zcu102_base_202220_1.xpfm;xilinx_zcu102_base_dfx_202220_1|D:/ProgramFiles/Xilinx/Vitis/2022.2/base_platforms/xilinx_zcu102_base_dfx_202220_1/xilinx_zcu102_base_dfx_202220_1.xpfm;xilinx_zcu104_base_202220_1|D:/ProgramFiles/Xilinx/Vitis/2022.2/base_platforms/xilinx_zcu104_base_202220_1/xilinx_zcu104_base_202220_1.xpfm
17:31:08 INFO  : Checking for BSP changes to sync application flags for project 'CMV2000_ctrl'...
17:32:07 INFO  : Connected to target on host '127.0.0.1' and port '3121'.
17:32:08 INFO  : Jtag cable 'Digilent JTAG-SMT2 210251A08870' is selected.
17:32:08 INFO  : 'jtag frequency' command is executed.
17:32:08 INFO  : Context for 'APU' is selected.
17:32:08 INFO  : System reset is completed.
17:32:11 INFO  : 'after 3000' command is executed.
17:32:11 INFO  : 'targets -set -filter {jtag_cable_name =~ "Digilent JTAG-SMT2 210251A08870" && level==0 && jtag_device_ctx=="jsn-JTAG-SMT2-210251A08870-23727093-0"}' command is executed.
17:32:13 INFO  : Device configured successfully with "D:/Files/VivadoProjects/CMV2000_ctrl/vitis/CMV2000_ctrl/_ide/bitstream/system_wrapper.bit"
17:32:13 INFO  : Context for 'APU' is selected.
17:32:13 INFO  : Hardware design and registers information is loaded from 'D:/Files/VivadoProjects/CMV2000_ctrl/vitis/system_wrapper/export/system_wrapper/hw/system_wrapper.xsa'.
17:32:13 INFO  : 'configparams force-mem-access 1' command is executed.
17:32:13 INFO  : Context for 'APU' is selected.
17:32:13 INFO  : Sourcing of 'D:/Files/VivadoProjects/CMV2000_ctrl/vitis/CMV2000_ctrl/_ide/psinit/ps7_init.tcl' is done.
17:32:14 INFO  : 'ps7_init' command is executed.
17:32:14 INFO  : 'ps7_post_config' command is executed.
17:32:14 INFO  : Context for processor 'ps7_cortexa9_0' is selected.
17:32:14 INFO  : The application 'D:/Files/VivadoProjects/CMV2000_ctrl/vitis/CMV2000_ctrl/Debug/CMV2000_ctrl.elf' is downloaded to processor 'ps7_cortexa9_0'.
17:32:14 INFO  : 'configparams force-mem-access 0' command is executed.
17:32:14 INFO  : ----------------XSDB Script----------------
connect -url tcp:127.0.0.1:3121
targets -set -nocase -filter {name =~"APU*"}
rst -system
after 3000
targets -set -filter {jtag_cable_name =~ "Digilent JTAG-SMT2 210251A08870" && level==0 && jtag_device_ctx=="jsn-JTAG-SMT2-210251A08870-23727093-0"}
fpga -file D:/Files/VivadoProjects/CMV2000_ctrl/vitis/CMV2000_ctrl/_ide/bitstream/system_wrapper.bit
targets -set -nocase -filter {name =~"APU*"}
loadhw -hw D:/Files/VivadoProjects/CMV2000_ctrl/vitis/system_wrapper/export/system_wrapper/hw/system_wrapper.xsa -mem-ranges [list {0x40000000 0xbfffffff}] -regs
configparams force-mem-access 1
targets -set -nocase -filter {name =~"APU*"}
source D:/Files/VivadoProjects/CMV2000_ctrl/vitis/CMV2000_ctrl/_ide/psinit/ps7_init.tcl
ps7_init
ps7_post_config
targets -set -nocase -filter {name =~ "*A9*#0"}
dow D:/Files/VivadoProjects/CMV2000_ctrl/vitis/CMV2000_ctrl/Debug/CMV2000_ctrl.elf
configparams force-mem-access 0
----------------End of Script----------------

17:32:14 INFO  : Context for processor 'ps7_cortexa9_0' is selected.
17:32:14 INFO  : 'con' command is executed.
17:32:14 INFO  : ----------------XSDB Script (After Launch)----------------
targets -set -nocase -filter {name =~ "*A9*#0"}
con
----------------End of Script----------------

17:32:14 INFO  : Launch script is exported to file 'D:\Files\VivadoProjects\CMV2000_ctrl\vitis\CMV2000_ctrl_system\_ide\scripts\debugger_cmv2000_ctrl-default.tcl'
17:38:32 INFO  : Checking for BSP changes to sync application flags for project 'CMV2000_ctrl'...
17:38:46 INFO  : Checking for BSP changes to sync application flags for project 'CMV2000_ctrl'...
17:39:03 INFO  : Disconnected from the channel tcfchan#3.
17:39:04 INFO  : Connected to target on host '127.0.0.1' and port '3121'.
17:39:04 INFO  : Jtag cable 'Digilent JTAG-SMT2 210251A08870' is selected.
17:39:04 INFO  : 'jtag frequency' command is executed.
17:39:04 INFO  : Context for 'APU' is selected.
17:39:04 INFO  : System reset is completed.
17:39:07 INFO  : 'after 3000' command is executed.
17:39:07 INFO  : 'targets -set -filter {jtag_cable_name =~ "Digilent JTAG-SMT2 210251A08870" && level==0 && jtag_device_ctx=="jsn-JTAG-SMT2-210251A08870-23727093-0"}' command is executed.
17:39:09 INFO  : Device configured successfully with "D:/Files/VivadoProjects/CMV2000_ctrl/vitis/CMV2000_ctrl/_ide/bitstream/system_wrapper.bit"
17:39:09 INFO  : Context for 'APU' is selected.
17:39:09 INFO  : Hardware design and registers information is loaded from 'D:/Files/VivadoProjects/CMV2000_ctrl/vitis/system_wrapper/export/system_wrapper/hw/system_wrapper.xsa'.
17:39:09 INFO  : 'configparams force-mem-access 1' command is executed.
17:39:09 INFO  : Context for 'APU' is selected.
17:39:09 INFO  : Sourcing of 'D:/Files/VivadoProjects/CMV2000_ctrl/vitis/CMV2000_ctrl/_ide/psinit/ps7_init.tcl' is done.
17:39:10 INFO  : 'ps7_init' command is executed.
17:39:10 INFO  : 'ps7_post_config' command is executed.
17:39:10 INFO  : Context for processor 'ps7_cortexa9_0' is selected.
17:39:10 INFO  : The application 'D:/Files/VivadoProjects/CMV2000_ctrl/vitis/CMV2000_ctrl/Debug/CMV2000_ctrl.elf' is downloaded to processor 'ps7_cortexa9_0'.
17:39:10 INFO  : 'configparams force-mem-access 0' command is executed.
17:39:10 INFO  : ----------------XSDB Script----------------
connect -url tcp:127.0.0.1:3121
targets -set -nocase -filter {name =~"APU*"}
rst -system
after 3000
targets -set -filter {jtag_cable_name =~ "Digilent JTAG-SMT2 210251A08870" && level==0 && jtag_device_ctx=="jsn-JTAG-SMT2-210251A08870-23727093-0"}
fpga -file D:/Files/VivadoProjects/CMV2000_ctrl/vitis/CMV2000_ctrl/_ide/bitstream/system_wrapper.bit
targets -set -nocase -filter {name =~"APU*"}
loadhw -hw D:/Files/VivadoProjects/CMV2000_ctrl/vitis/system_wrapper/export/system_wrapper/hw/system_wrapper.xsa -mem-ranges [list {0x40000000 0xbfffffff}] -regs
configparams force-mem-access 1
targets -set -nocase -filter {name =~"APU*"}
source D:/Files/VivadoProjects/CMV2000_ctrl/vitis/CMV2000_ctrl/_ide/psinit/ps7_init.tcl
ps7_init
ps7_post_config
targets -set -nocase -filter {name =~ "*A9*#0"}
dow D:/Files/VivadoProjects/CMV2000_ctrl/vitis/CMV2000_ctrl/Debug/CMV2000_ctrl.elf
configparams force-mem-access 0
----------------End of Script----------------

17:39:10 INFO  : Context for processor 'ps7_cortexa9_0' is selected.
17:39:10 INFO  : 'con' command is executed.
17:39:10 INFO  : ----------------XSDB Script (After Launch)----------------
targets -set -nocase -filter {name =~ "*A9*#0"}
con
----------------End of Script----------------

17:39:10 INFO  : Launch script is exported to file 'D:\Files\VivadoProjects\CMV2000_ctrl\vitis\CMV2000_ctrl_system\_ide\scripts\debugger_cmv2000_ctrl-default.tcl'
17:40:12 INFO  : Checking for BSP changes to sync application flags for project 'CMV2000_ctrl'...
17:40:24 INFO  : Disconnected from the channel tcfchan#6.
17:40:25 INFO  : Connected to target on host '127.0.0.1' and port '3121'.
17:40:26 INFO  : Jtag cable 'Digilent JTAG-SMT2 210251A08870' is selected.
17:40:26 INFO  : 'jtag frequency' command is executed.
17:40:27 INFO  : Context for 'APU' is selected.
17:40:27 INFO  : System reset is completed.
17:40:30 INFO  : 'after 3000' command is executed.
17:40:30 INFO  : 'targets -set -filter {jtag_cable_name =~ "Digilent JTAG-SMT2 210251A08870" && level==0 && jtag_device_ctx=="jsn-JTAG-SMT2-210251A08870-23727093-0"}' command is executed.
17:40:32 INFO  : Device configured successfully with "D:/Files/VivadoProjects/CMV2000_ctrl/vitis/CMV2000_ctrl/_ide/bitstream/system_wrapper.bit"
17:40:32 INFO  : Context for 'APU' is selected.
17:40:32 INFO  : Hardware design and registers information is loaded from 'D:/Files/VivadoProjects/CMV2000_ctrl/vitis/system_wrapper/export/system_wrapper/hw/system_wrapper.xsa'.
17:40:32 INFO  : 'configparams force-mem-access 1' command is executed.
17:40:32 INFO  : Context for 'APU' is selected.
17:40:32 INFO  : Sourcing of 'D:/Files/VivadoProjects/CMV2000_ctrl/vitis/CMV2000_ctrl/_ide/psinit/ps7_init.tcl' is done.
17:40:32 INFO  : 'ps7_init' command is executed.
17:40:32 INFO  : 'ps7_post_config' command is executed.
17:40:32 INFO  : Context for processor 'ps7_cortexa9_0' is selected.
17:40:33 INFO  : The application 'D:/Files/VivadoProjects/CMV2000_ctrl/vitis/CMV2000_ctrl/Debug/CMV2000_ctrl.elf' is downloaded to processor 'ps7_cortexa9_0'.
17:40:33 INFO  : 'configparams force-mem-access 0' command is executed.
17:40:33 INFO  : ----------------XSDB Script----------------
connect -url tcp:127.0.0.1:3121
targets -set -nocase -filter {name =~"APU*"}
rst -system
after 3000
targets -set -filter {jtag_cable_name =~ "Digilent JTAG-SMT2 210251A08870" && level==0 && jtag_device_ctx=="jsn-JTAG-SMT2-210251A08870-23727093-0"}
fpga -file D:/Files/VivadoProjects/CMV2000_ctrl/vitis/CMV2000_ctrl/_ide/bitstream/system_wrapper.bit
targets -set -nocase -filter {name =~"APU*"}
loadhw -hw D:/Files/VivadoProjects/CMV2000_ctrl/vitis/system_wrapper/export/system_wrapper/hw/system_wrapper.xsa -mem-ranges [list {0x40000000 0xbfffffff}] -regs
configparams force-mem-access 1
targets -set -nocase -filter {name =~"APU*"}
source D:/Files/VivadoProjects/CMV2000_ctrl/vitis/CMV2000_ctrl/_ide/psinit/ps7_init.tcl
ps7_init
ps7_post_config
targets -set -nocase -filter {name =~ "*A9*#0"}
dow D:/Files/VivadoProjects/CMV2000_ctrl/vitis/CMV2000_ctrl/Debug/CMV2000_ctrl.elf
configparams force-mem-access 0
----------------End of Script----------------

17:40:33 INFO  : Context for processor 'ps7_cortexa9_0' is selected.
17:40:33 INFO  : 'con' command is executed.
17:40:33 INFO  : ----------------XSDB Script (After Launch)----------------
targets -set -nocase -filter {name =~ "*A9*#0"}
con
----------------End of Script----------------

17:40:33 INFO  : Launch script is exported to file 'D:\Files\VivadoProjects\CMV2000_ctrl\vitis\CMV2000_ctrl_system\_ide\scripts\debugger_cmv2000_ctrl-default.tcl'
17:43:51 INFO  : Checking for BSP changes to sync application flags for project 'CMV2000_ctrl'...
17:44:04 INFO  : Disconnected from the channel tcfchan#8.
17:44:05 INFO  : Connected to target on host '127.0.0.1' and port '3121'.
17:44:14 INFO  : ----------------XSDB Script----------------
connect -url tcp:127.0.0.1:3121
----------------End of Script----------------

17:44:14 ERROR : Could not find ARM device on the board for connection 'Local'.
Check if the target is in:
1. Split JTAG - No operations are possible with ARM DAP.
2. Non JTAG bootmode - Bootrom may need time to enable DAP.
Please try again.


Troubleshooting hints:
1. Check whether board is connected to system properly.
2. In case of zynq board, check whether Digilent/Xilinx cable switch settings are correct.
3. If you are using Xilinx Platform Cable USB, ensure that status LED is green.
17:44:21 INFO  : Connected to target on host '127.0.0.1' and port '3121'.
17:44:21 INFO  : Jtag cable 'Digilent JTAG-SMT2 210251A08870' is selected.
17:44:21 INFO  : 'jtag frequency' command is executed.
17:44:21 INFO  : Context for 'APU' is selected.
17:44:22 INFO  : System reset is completed.
17:44:25 INFO  : 'after 3000' command is executed.
17:44:25 INFO  : 'targets -set -filter {jtag_cable_name =~ "Digilent JTAG-SMT2 210251A08870" && level==0 && jtag_device_ctx=="jsn-JTAG-SMT2-210251A08870-23727093-0"}' command is executed.
17:44:27 INFO  : Device configured successfully with "D:/Files/VivadoProjects/CMV2000_ctrl/vitis/CMV2000_ctrl/_ide/bitstream/system_wrapper.bit"
17:44:27 INFO  : Context for 'APU' is selected.
17:44:27 INFO  : Hardware design and registers information is loaded from 'D:/Files/VivadoProjects/CMV2000_ctrl/vitis/system_wrapper/export/system_wrapper/hw/system_wrapper.xsa'.
17:44:27 INFO  : 'configparams force-mem-access 1' command is executed.
17:44:27 INFO  : Context for 'APU' is selected.
17:44:27 INFO  : Sourcing of 'D:/Files/VivadoProjects/CMV2000_ctrl/vitis/CMV2000_ctrl/_ide/psinit/ps7_init.tcl' is done.
17:44:27 INFO  : 'ps7_init' command is executed.
17:44:27 INFO  : 'ps7_post_config' command is executed.
17:44:27 INFO  : Context for processor 'ps7_cortexa9_0' is selected.
17:44:27 INFO  : The application 'D:/Files/VivadoProjects/CMV2000_ctrl/vitis/CMV2000_ctrl/Debug/CMV2000_ctrl.elf' is downloaded to processor 'ps7_cortexa9_0'.
17:44:27 INFO  : 'configparams force-mem-access 0' command is executed.
17:44:27 INFO  : ----------------XSDB Script----------------
connect -url tcp:127.0.0.1:3121
targets -set -nocase -filter {name =~"APU*"}
rst -system
after 3000
targets -set -filter {jtag_cable_name =~ "Digilent JTAG-SMT2 210251A08870" && level==0 && jtag_device_ctx=="jsn-JTAG-SMT2-210251A08870-23727093-0"}
fpga -file D:/Files/VivadoProjects/CMV2000_ctrl/vitis/CMV2000_ctrl/_ide/bitstream/system_wrapper.bit
targets -set -nocase -filter {name =~"APU*"}
loadhw -hw D:/Files/VivadoProjects/CMV2000_ctrl/vitis/system_wrapper/export/system_wrapper/hw/system_wrapper.xsa -mem-ranges [list {0x40000000 0xbfffffff}] -regs
configparams force-mem-access 1
targets -set -nocase -filter {name =~"APU*"}
source D:/Files/VivadoProjects/CMV2000_ctrl/vitis/CMV2000_ctrl/_ide/psinit/ps7_init.tcl
ps7_init
ps7_post_config
targets -set -nocase -filter {name =~ "*A9*#0"}
dow D:/Files/VivadoProjects/CMV2000_ctrl/vitis/CMV2000_ctrl/Debug/CMV2000_ctrl.elf
configparams force-mem-access 0
----------------End of Script----------------

17:44:28 INFO  : Context for processor 'ps7_cortexa9_0' is selected.
17:44:28 INFO  : 'con' command is executed.
17:44:28 INFO  : ----------------XSDB Script (After Launch)----------------
targets -set -nocase -filter {name =~ "*A9*#0"}
con
----------------End of Script----------------

17:44:28 INFO  : Launch script is exported to file 'D:\Files\VivadoProjects\CMV2000_ctrl\vitis\CMV2000_ctrl_system\_ide\scripts\debugger_cmv2000_ctrl-default.tcl'
17:45:54 INFO  : Checking for BSP changes to sync application flags for project 'CMV2000_ctrl'...
17:46:10 INFO  : Disconnected from the channel tcfchan#10.
17:46:11 INFO  : Connected to target on host '127.0.0.1' and port '3121'.
17:46:11 INFO  : Jtag cable 'Digilent JTAG-SMT2 210251A08870' is selected.
17:46:11 INFO  : 'jtag frequency' command is executed.
17:46:13 INFO  : Context for 'APU' is selected.
17:46:13 INFO  : System reset is completed.
17:46:16 INFO  : 'after 3000' command is executed.
17:46:16 INFO  : 'targets -set -filter {jtag_cable_name =~ "Digilent JTAG-SMT2 210251A08870" && level==0 && jtag_device_ctx=="jsn-JTAG-SMT2-210251A08870-23727093-0"}' command is executed.
17:46:18 INFO  : Device configured successfully with "D:/Files/VivadoProjects/CMV2000_ctrl/vitis/CMV2000_ctrl/_ide/bitstream/system_wrapper.bit"
17:46:18 INFO  : Context for 'APU' is selected.
17:46:18 INFO  : Hardware design and registers information is loaded from 'D:/Files/VivadoProjects/CMV2000_ctrl/vitis/system_wrapper/export/system_wrapper/hw/system_wrapper.xsa'.
17:46:18 INFO  : 'configparams force-mem-access 1' command is executed.
17:46:18 INFO  : Context for 'APU' is selected.
17:46:18 INFO  : Sourcing of 'D:/Files/VivadoProjects/CMV2000_ctrl/vitis/CMV2000_ctrl/_ide/psinit/ps7_init.tcl' is done.
17:46:19 INFO  : 'ps7_init' command is executed.
17:46:19 INFO  : 'ps7_post_config' command is executed.
17:46:19 INFO  : Context for processor 'ps7_cortexa9_0' is selected.
17:46:19 INFO  : The application 'D:/Files/VivadoProjects/CMV2000_ctrl/vitis/CMV2000_ctrl/Debug/CMV2000_ctrl.elf' is downloaded to processor 'ps7_cortexa9_0'.
17:46:19 INFO  : 'configparams force-mem-access 0' command is executed.
17:46:19 INFO  : ----------------XSDB Script----------------
connect -url tcp:127.0.0.1:3121
targets -set -nocase -filter {name =~"APU*"}
rst -system
after 3000
targets -set -filter {jtag_cable_name =~ "Digilent JTAG-SMT2 210251A08870" && level==0 && jtag_device_ctx=="jsn-JTAG-SMT2-210251A08870-23727093-0"}
fpga -file D:/Files/VivadoProjects/CMV2000_ctrl/vitis/CMV2000_ctrl/_ide/bitstream/system_wrapper.bit
targets -set -nocase -filter {name =~"APU*"}
loadhw -hw D:/Files/VivadoProjects/CMV2000_ctrl/vitis/system_wrapper/export/system_wrapper/hw/system_wrapper.xsa -mem-ranges [list {0x40000000 0xbfffffff}] -regs
configparams force-mem-access 1
targets -set -nocase -filter {name =~"APU*"}
source D:/Files/VivadoProjects/CMV2000_ctrl/vitis/CMV2000_ctrl/_ide/psinit/ps7_init.tcl
ps7_init
ps7_post_config
targets -set -nocase -filter {name =~ "*A9*#0"}
dow D:/Files/VivadoProjects/CMV2000_ctrl/vitis/CMV2000_ctrl/Debug/CMV2000_ctrl.elf
configparams force-mem-access 0
----------------End of Script----------------

17:46:19 INFO  : Context for processor 'ps7_cortexa9_0' is selected.
17:46:19 INFO  : 'con' command is executed.
17:46:19 INFO  : ----------------XSDB Script (After Launch)----------------
targets -set -nocase -filter {name =~ "*A9*#0"}
con
----------------End of Script----------------

17:46:19 INFO  : Launch script is exported to file 'D:\Files\VivadoProjects\CMV2000_ctrl\vitis\CMV2000_ctrl_system\_ide\scripts\debugger_cmv2000_ctrl-default.tcl'
17:47:24 INFO  : Checking for BSP changes to sync application flags for project 'CMV2000_ctrl'...
17:47:39 INFO  : Disconnected from the channel tcfchan#12.
17:47:40 INFO  : Connected to target on host '127.0.0.1' and port '3121'.
17:47:40 INFO  : Jtag cable 'Digilent JTAG-SMT2 210251A08870' is selected.
17:47:40 INFO  : 'jtag frequency' command is executed.
17:47:42 INFO  : Context for 'APU' is selected.
17:47:42 INFO  : System reset is completed.
17:47:45 INFO  : 'after 3000' command is executed.
17:47:45 INFO  : 'targets -set -filter {jtag_cable_name =~ "Digilent JTAG-SMT2 210251A08870" && level==0 && jtag_device_ctx=="jsn-JTAG-SMT2-210251A08870-23727093-0"}' command is executed.
17:47:48 INFO  : Device configured successfully with "D:/Files/VivadoProjects/CMV2000_ctrl/vitis/CMV2000_ctrl/_ide/bitstream/system_wrapper.bit"
17:47:48 INFO  : Context for 'APU' is selected.
17:47:48 INFO  : Hardware design and registers information is loaded from 'D:/Files/VivadoProjects/CMV2000_ctrl/vitis/system_wrapper/export/system_wrapper/hw/system_wrapper.xsa'.
17:47:48 INFO  : 'configparams force-mem-access 1' command is executed.
17:47:48 INFO  : Context for 'APU' is selected.
17:47:48 INFO  : Sourcing of 'D:/Files/VivadoProjects/CMV2000_ctrl/vitis/CMV2000_ctrl/_ide/psinit/ps7_init.tcl' is done.
17:47:48 INFO  : 'ps7_init' command is executed.
17:47:48 INFO  : 'ps7_post_config' command is executed.
17:47:48 INFO  : Context for processor 'ps7_cortexa9_0' is selected.
17:47:48 INFO  : The application 'D:/Files/VivadoProjects/CMV2000_ctrl/vitis/CMV2000_ctrl/Debug/CMV2000_ctrl.elf' is downloaded to processor 'ps7_cortexa9_0'.
17:47:48 INFO  : 'configparams force-mem-access 0' command is executed.
17:47:48 INFO  : ----------------XSDB Script----------------
connect -url tcp:127.0.0.1:3121
targets -set -nocase -filter {name =~"APU*"}
rst -system
after 3000
targets -set -filter {jtag_cable_name =~ "Digilent JTAG-SMT2 210251A08870" && level==0 && jtag_device_ctx=="jsn-JTAG-SMT2-210251A08870-23727093-0"}
fpga -file D:/Files/VivadoProjects/CMV2000_ctrl/vitis/CMV2000_ctrl/_ide/bitstream/system_wrapper.bit
targets -set -nocase -filter {name =~"APU*"}
loadhw -hw D:/Files/VivadoProjects/CMV2000_ctrl/vitis/system_wrapper/export/system_wrapper/hw/system_wrapper.xsa -mem-ranges [list {0x40000000 0xbfffffff}] -regs
configparams force-mem-access 1
targets -set -nocase -filter {name =~"APU*"}
source D:/Files/VivadoProjects/CMV2000_ctrl/vitis/CMV2000_ctrl/_ide/psinit/ps7_init.tcl
ps7_init
ps7_post_config
targets -set -nocase -filter {name =~ "*A9*#0"}
dow D:/Files/VivadoProjects/CMV2000_ctrl/vitis/CMV2000_ctrl/Debug/CMV2000_ctrl.elf
configparams force-mem-access 0
----------------End of Script----------------

17:47:48 INFO  : Context for processor 'ps7_cortexa9_0' is selected.
17:47:48 INFO  : 'con' command is executed.
17:47:48 INFO  : ----------------XSDB Script (After Launch)----------------
targets -set -nocase -filter {name =~ "*A9*#0"}
con
----------------End of Script----------------

17:47:48 INFO  : Launch script is exported to file 'D:\Files\VivadoProjects\CMV2000_ctrl\vitis\CMV2000_ctrl_system\_ide\scripts\debugger_cmv2000_ctrl-default.tcl'
17:48:08 INFO  : Checking for BSP changes to sync application flags for project 'CMV2000_ctrl'...
17:48:19 INFO  : Disconnected from the channel tcfchan#14.
17:48:20 INFO  : Connected to target on host '127.0.0.1' and port '3121'.
17:48:20 INFO  : Jtag cable 'Digilent JTAG-SMT2 210251A08870' is selected.
17:48:20 INFO  : 'jtag frequency' command is executed.
17:48:20 INFO  : Context for 'APU' is selected.
17:48:20 INFO  : System reset is completed.
17:48:23 INFO  : 'after 3000' command is executed.
17:48:23 INFO  : 'targets -set -filter {jtag_cable_name =~ "Digilent JTAG-SMT2 210251A08870" && level==0 && jtag_device_ctx=="jsn-JTAG-SMT2-210251A08870-23727093-0"}' command is executed.
17:48:25 INFO  : Device configured successfully with "D:/Files/VivadoProjects/CMV2000_ctrl/vitis/CMV2000_ctrl/_ide/bitstream/system_wrapper.bit"
17:48:25 INFO  : Context for 'APU' is selected.
17:48:25 INFO  : Hardware design and registers information is loaded from 'D:/Files/VivadoProjects/CMV2000_ctrl/vitis/system_wrapper/export/system_wrapper/hw/system_wrapper.xsa'.
17:48:25 INFO  : 'configparams force-mem-access 1' command is executed.
17:48:25 INFO  : Context for 'APU' is selected.
17:48:25 INFO  : Sourcing of 'D:/Files/VivadoProjects/CMV2000_ctrl/vitis/CMV2000_ctrl/_ide/psinit/ps7_init.tcl' is done.
17:48:25 INFO  : 'ps7_init' command is executed.
17:48:25 INFO  : 'ps7_post_config' command is executed.
17:48:25 INFO  : Context for processor 'ps7_cortexa9_0' is selected.
17:48:26 INFO  : The application 'D:/Files/VivadoProjects/CMV2000_ctrl/vitis/CMV2000_ctrl/Debug/CMV2000_ctrl.elf' is downloaded to processor 'ps7_cortexa9_0'.
17:48:26 INFO  : 'configparams force-mem-access 0' command is executed.
17:48:26 INFO  : ----------------XSDB Script----------------
connect -url tcp:127.0.0.1:3121
targets -set -nocase -filter {name =~"APU*"}
rst -system
after 3000
targets -set -filter {jtag_cable_name =~ "Digilent JTAG-SMT2 210251A08870" && level==0 && jtag_device_ctx=="jsn-JTAG-SMT2-210251A08870-23727093-0"}
fpga -file D:/Files/VivadoProjects/CMV2000_ctrl/vitis/CMV2000_ctrl/_ide/bitstream/system_wrapper.bit
targets -set -nocase -filter {name =~"APU*"}
loadhw -hw D:/Files/VivadoProjects/CMV2000_ctrl/vitis/system_wrapper/export/system_wrapper/hw/system_wrapper.xsa -mem-ranges [list {0x40000000 0xbfffffff}] -regs
configparams force-mem-access 1
targets -set -nocase -filter {name =~"APU*"}
source D:/Files/VivadoProjects/CMV2000_ctrl/vitis/CMV2000_ctrl/_ide/psinit/ps7_init.tcl
ps7_init
ps7_post_config
targets -set -nocase -filter {name =~ "*A9*#0"}
dow D:/Files/VivadoProjects/CMV2000_ctrl/vitis/CMV2000_ctrl/Debug/CMV2000_ctrl.elf
configparams force-mem-access 0
----------------End of Script----------------

17:48:26 INFO  : Context for processor 'ps7_cortexa9_0' is selected.
17:48:26 INFO  : 'con' command is executed.
17:48:26 INFO  : ----------------XSDB Script (After Launch)----------------
targets -set -nocase -filter {name =~ "*A9*#0"}
con
----------------End of Script----------------

17:48:26 INFO  : Launch script is exported to file 'D:\Files\VivadoProjects\CMV2000_ctrl\vitis\CMV2000_ctrl_system\_ide\scripts\debugger_cmv2000_ctrl-default.tcl'
17:55:10 INFO  : Checking for BSP changes to sync application flags for project 'CMV2000_ctrl'...
17:55:31 INFO  : Disconnected from the channel tcfchan#16.
17:55:32 INFO  : Connected to target on host '127.0.0.1' and port '3121'.
17:55:32 INFO  : Jtag cable 'Digilent JTAG-SMT2 210251A08870' is selected.
17:55:32 INFO  : 'jtag frequency' command is executed.
17:55:33 INFO  : Context for 'APU' is selected.
17:55:33 INFO  : System reset is completed.
17:55:36 INFO  : 'after 3000' command is executed.
17:55:36 INFO  : 'targets -set -filter {jtag_cable_name =~ "Digilent JTAG-SMT2 210251A08870" && level==0 && jtag_device_ctx=="jsn-JTAG-SMT2-210251A08870-23727093-0"}' command is executed.
17:55:38 INFO  : Device configured successfully with "D:/Files/VivadoProjects/CMV2000_ctrl/vitis/CMV2000_ctrl/_ide/bitstream/system_wrapper.bit"
17:55:38 INFO  : Context for 'APU' is selected.
17:55:38 INFO  : Hardware design and registers information is loaded from 'D:/Files/VivadoProjects/CMV2000_ctrl/vitis/system_wrapper/export/system_wrapper/hw/system_wrapper.xsa'.
17:55:38 INFO  : 'configparams force-mem-access 1' command is executed.
17:55:38 INFO  : Context for 'APU' is selected.
17:55:38 INFO  : Sourcing of 'D:/Files/VivadoProjects/CMV2000_ctrl/vitis/CMV2000_ctrl/_ide/psinit/ps7_init.tcl' is done.
17:55:39 INFO  : 'ps7_init' command is executed.
17:55:39 INFO  : 'ps7_post_config' command is executed.
17:55:39 INFO  : Context for processor 'ps7_cortexa9_0' is selected.
17:55:39 INFO  : The application 'D:/Files/VivadoProjects/CMV2000_ctrl/vitis/CMV2000_ctrl/Debug/CMV2000_ctrl.elf' is downloaded to processor 'ps7_cortexa9_0'.
17:55:39 INFO  : 'configparams force-mem-access 0' command is executed.
17:55:39 INFO  : ----------------XSDB Script----------------
connect -url tcp:127.0.0.1:3121
targets -set -nocase -filter {name =~"APU*"}
rst -system
after 3000
targets -set -filter {jtag_cable_name =~ "Digilent JTAG-SMT2 210251A08870" && level==0 && jtag_device_ctx=="jsn-JTAG-SMT2-210251A08870-23727093-0"}
fpga -file D:/Files/VivadoProjects/CMV2000_ctrl/vitis/CMV2000_ctrl/_ide/bitstream/system_wrapper.bit
targets -set -nocase -filter {name =~"APU*"}
loadhw -hw D:/Files/VivadoProjects/CMV2000_ctrl/vitis/system_wrapper/export/system_wrapper/hw/system_wrapper.xsa -mem-ranges [list {0x40000000 0xbfffffff}] -regs
configparams force-mem-access 1
targets -set -nocase -filter {name =~"APU*"}
source D:/Files/VivadoProjects/CMV2000_ctrl/vitis/CMV2000_ctrl/_ide/psinit/ps7_init.tcl
ps7_init
ps7_post_config
targets -set -nocase -filter {name =~ "*A9*#0"}
dow D:/Files/VivadoProjects/CMV2000_ctrl/vitis/CMV2000_ctrl/Debug/CMV2000_ctrl.elf
configparams force-mem-access 0
----------------End of Script----------------

17:55:39 INFO  : Context for processor 'ps7_cortexa9_0' is selected.
17:55:39 INFO  : 'con' command is executed.
17:55:39 INFO  : ----------------XSDB Script (After Launch)----------------
targets -set -nocase -filter {name =~ "*A9*#0"}
con
----------------End of Script----------------

17:55:39 INFO  : Launch script is exported to file 'D:\Files\VivadoProjects\CMV2000_ctrl\vitis\CMV2000_ctrl_system\_ide\scripts\debugger_cmv2000_ctrl-default.tcl'
17:58:23 INFO  : Disconnected from the channel tcfchan#18.
17:58:24 INFO  : Connected to target on host '127.0.0.1' and port '3121'.
17:58:24 INFO  : Jtag cable 'Digilent JTAG-SMT2 210251A08870' is selected.
17:58:24 INFO  : 'jtag frequency' command is executed.
17:58:24 INFO  : Context for 'APU' is selected.
17:58:24 INFO  : System reset is completed.
17:58:27 INFO  : 'after 3000' command is executed.
17:58:27 INFO  : 'targets -set -filter {jtag_cable_name =~ "Digilent JTAG-SMT2 210251A08870" && level==0 && jtag_device_ctx=="jsn-JTAG-SMT2-210251A08870-23727093-0"}' command is executed.
17:58:29 INFO  : Device configured successfully with "D:/Files/VivadoProjects/CMV2000_ctrl/vitis/CMV2000_ctrl/_ide/bitstream/system_wrapper.bit"
17:58:29 INFO  : Context for 'APU' is selected.
17:58:29 INFO  : Hardware design and registers information is loaded from 'D:/Files/VivadoProjects/CMV2000_ctrl/vitis/system_wrapper/export/system_wrapper/hw/system_wrapper.xsa'.
17:58:29 INFO  : 'configparams force-mem-access 1' command is executed.
17:58:29 INFO  : Context for 'APU' is selected.
17:58:29 INFO  : Sourcing of 'D:/Files/VivadoProjects/CMV2000_ctrl/vitis/CMV2000_ctrl/_ide/psinit/ps7_init.tcl' is done.
17:58:29 INFO  : 'ps7_init' command is executed.
17:58:29 INFO  : 'ps7_post_config' command is executed.
17:58:29 INFO  : Context for processor 'ps7_cortexa9_0' is selected.
17:58:30 INFO  : The application 'D:/Files/VivadoProjects/CMV2000_ctrl/vitis/CMV2000_ctrl/Debug/CMV2000_ctrl.elf' is downloaded to processor 'ps7_cortexa9_0'.
17:58:30 INFO  : 'configparams force-mem-access 0' command is executed.
17:58:30 INFO  : ----------------XSDB Script----------------
connect -url tcp:127.0.0.1:3121
targets -set -nocase -filter {name =~"APU*"}
rst -system
after 3000
targets -set -filter {jtag_cable_name =~ "Digilent JTAG-SMT2 210251A08870" && level==0 && jtag_device_ctx=="jsn-JTAG-SMT2-210251A08870-23727093-0"}
fpga -file D:/Files/VivadoProjects/CMV2000_ctrl/vitis/CMV2000_ctrl/_ide/bitstream/system_wrapper.bit
targets -set -nocase -filter {name =~"APU*"}
loadhw -hw D:/Files/VivadoProjects/CMV2000_ctrl/vitis/system_wrapper/export/system_wrapper/hw/system_wrapper.xsa -mem-ranges [list {0x40000000 0xbfffffff}] -regs
configparams force-mem-access 1
targets -set -nocase -filter {name =~"APU*"}
source D:/Files/VivadoProjects/CMV2000_ctrl/vitis/CMV2000_ctrl/_ide/psinit/ps7_init.tcl
ps7_init
ps7_post_config
targets -set -nocase -filter {name =~ "*A9*#0"}
dow D:/Files/VivadoProjects/CMV2000_ctrl/vitis/CMV2000_ctrl/Debug/CMV2000_ctrl.elf
configparams force-mem-access 0
----------------End of Script----------------

17:58:30 INFO  : Context for processor 'ps7_cortexa9_0' is selected.
17:58:30 INFO  : 'con' command is executed.
17:58:30 INFO  : ----------------XSDB Script (After Launch)----------------
targets -set -nocase -filter {name =~ "*A9*#0"}
con
----------------End of Script----------------

17:58:30 INFO  : Launch script is exported to file 'D:\Files\VivadoProjects\CMV2000_ctrl\vitis\CMV2000_ctrl_system\_ide\scripts\debugger_cmv2000_ctrl-default.tcl'
18:03:35 INFO  : Checking for BSP changes to sync application flags for project 'CMV2000_ctrl'...
18:03:52 INFO  : Checking for BSP changes to sync application flags for project 'CMV2000_ctrl'...
18:04:23 INFO  : Disconnected from the channel tcfchan#19.
18:04:24 INFO  : Connected to target on host '127.0.0.1' and port '3121'.
18:04:33 INFO  : ----------------XSDB Script----------------
connect -url tcp:127.0.0.1:3121
----------------End of Script----------------

18:04:33 ERROR : Could not find ARM device on the board for connection 'Local'.
Check if the target is in:
1. Split JTAG - No operations are possible with ARM DAP.
2. Non JTAG bootmode - Bootrom may need time to enable DAP.
Please try again.


Troubleshooting hints:
1. Check whether board is connected to system properly.
2. In case of zynq board, check whether Digilent/Xilinx cable switch settings are correct.
3. If you are using Xilinx Platform Cable USB, ensure that status LED is green.
18:04:41 INFO  : Connected to target on host '127.0.0.1' and port '3121'.
18:04:41 INFO  : Jtag cable 'Digilent JTAG-SMT2 210251A08870' is selected.
18:04:41 INFO  : 'jtag frequency' command is executed.
18:04:41 INFO  : Context for 'APU' is selected.
18:04:42 INFO  : System reset is completed.
18:04:45 INFO  : 'after 3000' command is executed.
18:04:45 INFO  : 'targets -set -filter {jtag_cable_name =~ "Digilent JTAG-SMT2 210251A08870" && level==0 && jtag_device_ctx=="jsn-JTAG-SMT2-210251A08870-23727093-0"}' command is executed.
18:04:47 INFO  : Device configured successfully with "D:/Files/VivadoProjects/CMV2000_ctrl/vitis/CMV2000_ctrl/_ide/bitstream/system_wrapper.bit"
18:04:47 INFO  : Context for 'APU' is selected.
18:04:47 INFO  : Hardware design and registers information is loaded from 'D:/Files/VivadoProjects/CMV2000_ctrl/vitis/system_wrapper/export/system_wrapper/hw/system_wrapper.xsa'.
18:04:47 INFO  : 'configparams force-mem-access 1' command is executed.
18:04:47 INFO  : Context for 'APU' is selected.
18:04:47 INFO  : Sourcing of 'D:/Files/VivadoProjects/CMV2000_ctrl/vitis/CMV2000_ctrl/_ide/psinit/ps7_init.tcl' is done.
18:04:47 INFO  : 'ps7_init' command is executed.
18:04:47 INFO  : 'ps7_post_config' command is executed.
18:04:47 INFO  : Context for processor 'ps7_cortexa9_0' is selected.
18:04:47 INFO  : The application 'D:/Files/VivadoProjects/CMV2000_ctrl/vitis/CMV2000_ctrl/Debug/CMV2000_ctrl.elf' is downloaded to processor 'ps7_cortexa9_0'.
18:04:48 INFO  : 'configparams force-mem-access 0' command is executed.
18:04:48 INFO  : ----------------XSDB Script----------------
connect -url tcp:127.0.0.1:3121
targets -set -nocase -filter {name =~"APU*"}
rst -system
after 3000
targets -set -filter {jtag_cable_name =~ "Digilent JTAG-SMT2 210251A08870" && level==0 && jtag_device_ctx=="jsn-JTAG-SMT2-210251A08870-23727093-0"}
fpga -file D:/Files/VivadoProjects/CMV2000_ctrl/vitis/CMV2000_ctrl/_ide/bitstream/system_wrapper.bit
targets -set -nocase -filter {name =~"APU*"}
loadhw -hw D:/Files/VivadoProjects/CMV2000_ctrl/vitis/system_wrapper/export/system_wrapper/hw/system_wrapper.xsa -mem-ranges [list {0x40000000 0xbfffffff}] -regs
configparams force-mem-access 1
targets -set -nocase -filter {name =~"APU*"}
source D:/Files/VivadoProjects/CMV2000_ctrl/vitis/CMV2000_ctrl/_ide/psinit/ps7_init.tcl
ps7_init
ps7_post_config
targets -set -nocase -filter {name =~ "*A9*#0"}
dow D:/Files/VivadoProjects/CMV2000_ctrl/vitis/CMV2000_ctrl/Debug/CMV2000_ctrl.elf
configparams force-mem-access 0
----------------End of Script----------------

18:04:48 INFO  : Context for processor 'ps7_cortexa9_0' is selected.
18:04:48 INFO  : 'con' command is executed.
18:04:48 INFO  : ----------------XSDB Script (After Launch)----------------
targets -set -nocase -filter {name =~ "*A9*#0"}
con
----------------End of Script----------------

18:04:48 INFO  : Launch script is exported to file 'D:\Files\VivadoProjects\CMV2000_ctrl\vitis\CMV2000_ctrl_system\_ide\scripts\debugger_cmv2000_ctrl-default.tcl'
18:06:20 INFO  : Example project xuartps_intr_example_1 has been created successfully.
18:22:10 INFO  : Disconnected from the channel tcfchan#22.
