17:14:32 DEBUG : Logs will be stored at 'D:/Files/VivadoProjects/CMV2000_ctrl/vitis1/IDE.log'.
17:14:35 INFO  : Launching XSCT server: xsct.bat -n  -interactive D:\Files\VivadoProjects\CMV2000_ctrl\vitis1\temp_xsdb_launch_script.tcl
17:14:35 INFO  : Registering command handlers for Vitis TCF services
17:14:36 INFO  : Platform repository initialization has completed.
17:14:37 INFO  : XSCT server has started successfully.
17:14:38 INFO  : Successfully done setting XSCT server connection channel  
17:14:38 INFO  : plnx-install-location is set to ''
17:14:38 INFO  : Successfully done query RDI_DATADIR 
17:14:38 INFO  : Successfully done setting workspace for the tool. 
17:16:11 INFO  : Result from executing command 'getProjects': system_wrapper
17:16:11 INFO  : Result from executing command 'getPlatforms': xilinx_vck190_base_202220_1|D:/ProgramFiles/Xilinx/Vitis/2022.2/base_platforms/xilinx_vck190_base_202220_1/xilinx_vck190_base_202220_1.xpfm;xilinx_vck190_base_dfx_202220_1|D:/ProgramFiles/Xilinx/Vitis/2022.2/base_platforms/xilinx_vck190_base_dfx_202220_1/xilinx_vck190_base_dfx_202220_1.xpfm;xilinx_vmk180_base_202220_1|D:/ProgramFiles/Xilinx/Vitis/2022.2/base_platforms/xilinx_vmk180_base_202220_1/xilinx_vmk180_base_202220_1.xpfm;xilinx_zcu102_base_202220_1|D:/ProgramFiles/Xilinx/Vitis/2022.2/base_platforms/xilinx_zcu102_base_202220_1/xilinx_zcu102_base_202220_1.xpfm;xilinx_zcu102_base_dfx_202220_1|D:/ProgramFiles/Xilinx/Vitis/2022.2/base_platforms/xilinx_zcu102_base_dfx_202220_1/xilinx_zcu102_base_dfx_202220_1.xpfm;xilinx_zcu104_base_202220_1|D:/ProgramFiles/Xilinx/Vitis/2022.2/base_platforms/xilinx_zcu104_base_202220_1/xilinx_zcu104_base_202220_1.xpfm
17:16:12 WARN  : An unexpected exception occurred in the module 'platform project logging'
17:16:13 INFO  : Platform 'system_wrapper' is added to custom repositories.
17:16:19 INFO  : Platform 'system_wrapper' is added to custom repositories.
17:21:56 INFO  : Result from executing command 'getProjects': system_wrapper
17:21:56 INFO  : Result from executing command 'getPlatforms': system_wrapper|D:/Files/VivadoProjects/CMV2000_ctrl/vitis1/system_wrapper/export/system_wrapper/system_wrapper.xpfm;xilinx_vck190_base_202220_1|D:/ProgramFiles/Xilinx/Vitis/2022.2/base_platforms/xilinx_vck190_base_202220_1/xilinx_vck190_base_202220_1.xpfm;xilinx_vck190_base_dfx_202220_1|D:/ProgramFiles/Xilinx/Vitis/2022.2/base_platforms/xilinx_vck190_base_dfx_202220_1/xilinx_vck190_base_dfx_202220_1.xpfm;xilinx_vmk180_base_202220_1|D:/ProgramFiles/Xilinx/Vitis/2022.2/base_platforms/xilinx_vmk180_base_202220_1/xilinx_vmk180_base_202220_1.xpfm;xilinx_zcu102_base_202220_1|D:/ProgramFiles/Xilinx/Vitis/2022.2/base_platforms/xilinx_zcu102_base_202220_1/xilinx_zcu102_base_202220_1.xpfm;xilinx_zcu102_base_dfx_202220_1|D:/ProgramFiles/Xilinx/Vitis/2022.2/base_platforms/xilinx_zcu102_base_dfx_202220_1/xilinx_zcu102_base_dfx_202220_1.xpfm;xilinx_zcu104_base_202220_1|D:/ProgramFiles/Xilinx/Vitis/2022.2/base_platforms/xilinx_zcu104_base_202220_1/xilinx_zcu104_base_202220_1.xpfm
17:21:57 INFO  : Checking for BSP changes to sync application flags for project 'CMV2000_ctrl'...
17:24:37 INFO  : Connected to target on host '127.0.0.1' and port '3121'.
17:24:37 INFO  : Jtag cable 'Digilent JTAG-SMT2 210251A08870' is selected.
17:24:37 INFO  : 'jtag frequency' command is executed.
17:24:37 INFO  : Context for 'APU' is selected.
17:24:37 INFO  : System reset is completed.
17:24:40 INFO  : 'after 3000' command is executed.
17:24:40 INFO  : 'targets -set -filter {jtag_cable_name =~ "Digilent JTAG-SMT2 210251A08870" && level==0 && jtag_device_ctx=="jsn-JTAG-SMT2-210251A08870-23727093-0"}' command is executed.
17:24:42 INFO  : Device configured successfully with "D:/Files/VivadoProjects/CMV2000_ctrl/vitis1/CMV2000_ctrl/_ide/bitstream/system_wrapper.bit"
17:24:42 INFO  : Context for 'APU' is selected.
17:24:42 INFO  : Hardware design and registers information is loaded from 'D:/Files/VivadoProjects/CMV2000_ctrl/vitis1/system_wrapper/export/system_wrapper/hw/system_wrapper.xsa'.
17:24:42 INFO  : 'configparams force-mem-access 1' command is executed.
17:24:42 INFO  : Context for 'APU' is selected.
17:24:42 INFO  : Sourcing of 'D:/Files/VivadoProjects/CMV2000_ctrl/vitis1/CMV2000_ctrl/_ide/psinit/ps7_init.tcl' is done.
17:24:43 INFO  : 'ps7_init' command is executed.
17:24:43 INFO  : 'ps7_post_config' command is executed.
17:24:43 INFO  : Context for processor 'ps7_cortexa9_0' is selected.
17:24:43 INFO  : The application 'D:/Files/VivadoProjects/CMV2000_ctrl/vitis1/CMV2000_ctrl/Debug/CMV2000_ctrl.elf' is downloaded to processor 'ps7_cortexa9_0'.
17:24:43 INFO  : 'configparams force-mem-access 0' command is executed.
17:24:43 INFO  : ----------------XSDB Script----------------
connect -url tcp:127.0.0.1:3121
targets -set -nocase -filter {name =~"APU*"}
rst -system
after 3000
targets -set -filter {jtag_cable_name =~ "Digilent JTAG-SMT2 210251A08870" && level==0 && jtag_device_ctx=="jsn-JTAG-SMT2-210251A08870-23727093-0"}
fpga -file D:/Files/VivadoProjects/CMV2000_ctrl/vitis1/CMV2000_ctrl/_ide/bitstream/system_wrapper.bit
targets -set -nocase -filter {name =~"APU*"}
loadhw -hw D:/Files/VivadoProjects/CMV2000_ctrl/vitis1/system_wrapper/export/system_wrapper/hw/system_wrapper.xsa -mem-ranges [list {0x40000000 0xbfffffff}] -regs
configparams force-mem-access 1
targets -set -nocase -filter {name =~"APU*"}
source D:/Files/VivadoProjects/CMV2000_ctrl/vitis1/CMV2000_ctrl/_ide/psinit/ps7_init.tcl
ps7_init
ps7_post_config
targets -set -nocase -filter {name =~ "*A9*#0"}
dow D:/Files/VivadoProjects/CMV2000_ctrl/vitis1/CMV2000_ctrl/Debug/CMV2000_ctrl.elf
configparams force-mem-access 0
----------------End of Script----------------

17:24:43 INFO  : Context for processor 'ps7_cortexa9_0' is selected.
17:24:43 INFO  : 'con' command is executed.
17:24:43 INFO  : ----------------XSDB Script (After Launch)----------------
targets -set -nocase -filter {name =~ "*A9*#0"}
con
----------------End of Script----------------

17:24:43 INFO  : Launch script is exported to file 'D:\Files\VivadoProjects\CMV2000_ctrl\vitis1\CMV2000_ctrl_system\_ide\scripts\debugger_cmv2000_ctrl-default.tcl'
18:00:07 INFO  : Disconnected from the channel tcfchan#3.
